Unity Editor version:    2021.1.22f1 (a137e5fb0427)
Branch:                  2021.1/staging
Build type:              Release
Batch mode:              YES
macOS version:           Version 11.6 (Build 20G165)
Darwin version:          20.6.0
Architecture:            x86_64
Running under Rosetta:   NO
Available memory:        8192 MB
Using pre-set license
Pro License: NO
Pro License: NO

COMMAND LINE ARGUMENTS:
/Users/onukishuntasuku/Desktop/unity/2021.1.22f1/Unity.app/Contents/MacOS/Unity
-adb2
-batchMode
-noUpm
-name
AssetImportWorker0
-projectPath
/Users/onukishuntasuku/Documents/GitHub/lab_project/AcceralationSensor
-logFile
Logs/AssetImportWorker0.log
-srvPort
56831
Successfully changed project path to: /Users/onukishuntasuku/Documents/GitHub/lab_project/AcceralationSensor
/Users/onukishuntasuku/Documents/GitHub/lab_project/AcceralationSensor
Using Asset Import Pipeline V2.
Refreshing native plugins compatible for Editor in 165.17 ms, found 2 plugins.
Preloading 0 native plugins for Editor in 0.00 ms.
Initialize engine version: 2021.1.22f1 (a137e5fb0427)
[Subsystems] Discovering subsystems at path /Users/onukishuntasuku/Desktop/unity/2021.1.22f1/Unity.app/Contents/Resources/UnitySubsystems
[Subsystems] Discovering subsystems at path /Users/onukishuntasuku/Documents/GitHub/lab_project/AcceralationSensor/Assets
GfxDevice: creating device client; threaded=0; jobified=0
2021-11-11 10:55:20.796 Unity[31608:10438136] Color LCD preferred device: Intel(R) Iris(TM) Graphics 6000 (low power)
2021-11-11 10:55:20.797 Unity[31608:10438136] Metal devices available: 1
2021-11-11 10:55:20.797 Unity[31608:10438136] 0: Intel(R) Iris(TM) Graphics 6000 (low power)
2021-11-11 10:55:20.797 Unity[31608:10438136] Using device Intel(R) Iris(TM) Graphics 6000 (low power)
Initializing Metal device caps: Intel(R) Iris(TM) Graphics 6000
Initialize mono
Mono path[0] = '/Users/onukishuntasuku/Desktop/unity/2021.1.22f1/Unity.app/Contents/Managed'
Mono path[1] = '/Users/onukishuntasuku/Desktop/unity/2021.1.22f1/Unity.app/Contents/MonoBleedingEdge/lib/mono/unityjit'
Mono config path = '/Users/onukishuntasuku/Desktop/unity/2021.1.22f1/Unity.app/Contents/MonoBleedingEdge/etc'
Using monoOptions --debugger-agent=transport=dt_socket,embedding=1,server=y,suspend=n,address=127.0.0.1:56608
Begin MonoManager ReloadAssembly
Registering precompiled unity dll's ...
Register platform support module: /Users/onukishuntasuku/Desktop/unity/2021.1.22f1/Unity.app/Contents/PlaybackEngines/MacStandaloneSupport/UnityEditor.OSXStandalone.Extensions.dll
Registered in 0.003205 seconds.
Native extension for OSXStandalone target not found
Refreshing native plugins compatible for Editor in 59.93 ms, found 2 plugins.
Preloading 0 native plugins for Editor in 0.00 ms.
Mono: successfully reloaded assembly
- Completed reload, in 17.005 seconds
Domain Reload Profiling:
	ReloadAssembly (17005ms)
		BeginReloadAssembly (91ms)
			ExecutionOrderSort (0ms)
			DisableScriptedObjects (0ms)
			BackupInstance (0ms)
			ReleaseScriptingObjects (0ms)
			CreateAndSetChildDomain (2ms)
		EndReloadAssembly (910ms)
			LoadAssemblies (90ms)
			RebuildTransferFunctionScriptingTraits (2ms)
			SetupTypeCache (422ms)
			ReleaseScriptCaches (0ms)
			RebuildScriptCaches (65ms)
			SetupLoadedEditorAssemblies (335ms)
				LogAssemblyErrors (0ms)
				InitializePlatformSupportModulesInManaged (10ms)
				SetLoadedEditorAssemblies (1ms)
				RefreshPlugins (60ms)
				BeforeProcessingInitializeOnLoad (2ms)
				ProcessInitializeOnLoadAttributes (201ms)
				ProcessInitializeOnLoadMethodAttributes (60ms)
				AfterProcessingInitializeOnLoad (0ms)
				EditorAssembliesLoaded (0ms)
			ExecutionOrderSort2 (0ms)
			AwakeInstancesAfterBackupRestoration (0ms)
Platform modules already initialized, skipping
Registering precompiled user dll's ...
Registered in 0.011415 seconds.
Begin MonoManager ReloadAssembly
Native extension for OSXStandalone target not found
Refreshing native plugins compatible for Editor in 0.91 ms, found 2 plugins.
Preloading 0 native plugins for Editor in 0.00 ms.
Mono: successfully reloaded assembly
- Completed reload, in  2.801 seconds
Domain Reload Profiling:
	ReloadAssembly (2802ms)
		BeginReloadAssembly (394ms)
			ExecutionOrderSort (0ms)
			DisableScriptedObjects (10ms)
			BackupInstance (0ms)
			ReleaseScriptingObjects (0ms)
			CreateAndSetChildDomain (75ms)
		EndReloadAssembly (2269ms)
			LoadAssemblies (278ms)
			RebuildTransferFunctionScriptingTraits (0ms)
			SetupTypeCache (830ms)
			ReleaseScriptCaches (1ms)
			RebuildScriptCaches (105ms)
			SetupLoadedEditorAssemblies (888ms)
				LogAssemblyErrors (0ms)
				InitializePlatformSupportModulesInManaged (8ms)
				SetLoadedEditorAssemblies (1ms)
				RefreshPlugins (1ms)
				BeforeProcessingInitializeOnLoad (91ms)
				ProcessInitializeOnLoadAttributes (634ms)
				ProcessInitializeOnLoadMethodAttributes (149ms)
				AfterProcessingInitializeOnLoad (3ms)
				EditorAssembliesLoaded (0ms)
			ExecutionOrderSort2 (0ms)
			AwakeInstancesAfterBackupRestoration (14ms)
Platform modules already initialized, skipping
========================================================================
Worker process is ready to serve import requests
Launching external process: /Users/onukishuntasuku/Desktop/unity/2021.1.22f1/Unity.app/Contents/Tools/UnityShaderCompiler
Launched and connected shader compiler UnityShaderCompiler after 0.06 seconds
Refreshing native plugins compatible for Editor in 1.34 ms, found 2 plugins.
Preloading 0 native plugins for Editor in 0.00 ms.
Unloading 2023 Unused Serialized files (Serialized files now loaded: 0)
System memory in use before: 201.5 MB.
System memory in use after: 201.6 MB.

Unloading 61 unused Assets to reduce memory usage. Loaded Objects now: 2438.
Total: 19.326740 ms (FindLiveObjects: 0.447459 ms CreateObjectMapping: 0.262736 ms MarkObjects: 18.388864 ms  DeleteObjects: 0.225251 ms)

AssetImportParameters requested are different than current active one (requested -> active):
  custom:video-decoder-ogg-theora: a1e56fd34408186e4bbccfd4996cb3dc -> 
  custom:container-muxer-webm: aa71ff27fc2769a1b78a27578f13a17b -> 
  custom:container-demuxer-webm: 4f35f7cbe854078d1ac9338744f61a02 -> 
  custom:container-demuxer-ogg: 62fdf1f143b41e24485cea50d1cbac27 -> 
  custom:video-encoder-webm-vp8: eb34c28f22e8b96e1ab97ce403110664 -> 
  custom:framework-osx-AVFoundation: e770b220cccbd017edd2c1fefb359320 -> 
  custom:video-decoder-webm-vp8: 9c59270c3fd7afecdb556c50c9e8de78 -> 
  custom:audio-decoder-ogg-vorbis: bf7c407c2cedff20999df2af8eb42d56 -> 
  custom:audio-encoder-webm-vorbis: bf7c407c2cedff20999df2af8eb42d56 -> 
========================================================================
Received Import Request.
  path: Assets/Editor/Migration/EditorMigrationScripts.asmdef
  artifactKey: Guid(f3a385ed4c943d742a2e7a85a3d4386d) Importer(815301076,1909f56bfc062723c751e8b465ee728b)
Start importing Assets/Editor/Migration/EditorMigrationScripts.asmdef using Guid(f3a385ed4c943d742a2e7a85a3d4386d) Importer(815301076,1909f56bfc062723c751e8b465ee728b)  -> (artifact id: 'f40fbaa0ef0a13f8bad8ee9c62988edb') in 5.058430 seconds 
========================================================================
Received Import Request.
  Time since last request: 0.000425 seconds.
  path: Assets/Resources/Assets/Lab_RoomList.asset
  artifactKey: Guid(2114e5b9966de184aa30eec8f8f7740d) Importer(815301076,1909f56bfc062723c751e8b465ee728b)
Start importing Assets/Resources/Assets/Lab_RoomList.asset using Guid(2114e5b9966de184aa30eec8f8f7740d) Importer(815301076,1909f56bfc062723c751e8b465ee728b)  -> (artifact id: '74cbb1851d1880c2f6d23227844ea44e') in 0.935213 seconds 
========================================================================
Received Import Request.
  Time since last request: 0.000382 seconds.
  path: Assets/Resources/VuforiaConfiguration.asset
  artifactKey: Guid(540a6cae058551b40b9bfe86032ce5b1) Importer(815301076,1909f56bfc062723c751e8b465ee728b)
Start importing Assets/Resources/VuforiaConfiguration.asset using Guid(540a6cae058551b40b9bfe86032ce5b1) Importer(815301076,1909f56bfc062723c751e8b465ee728b)  -> (artifact id: 'b4e9b6265f6061e9f161261a2162e044') in 0.012593 seconds 
========================================================================
Received Import Request.
  Time since last request: 0.000287 seconds.
  path: Assets/Editor/Migration/AddVuforiaEnginePackage.cs
  artifactKey: Guid(3bbef22eb814a9647b6c1f03e99d95da) Importer(815301076,1909f56bfc062723c751e8b465ee728b)
Start importing Assets/Editor/Migration/AddVuforiaEnginePackage.cs using Guid(3bbef22eb814a9647b6c1f03e99d95da) Importer(815301076,1909f56bfc062723c751e8b465ee728b)  -> (artifact id: 'b93d1117954eb575ef6c487c2da9d067') in 0.886452 seconds 
========================================================================
Received Import Request.
  Time since last request: 0.000339 seconds.
  path: Assets/Resources/Assets/VuforiaConfiguration.asset
  artifactKey: Guid(6c0853b20fd03ec4fb4d95d245b92cf2) Importer(815301076,1909f56bfc062723c751e8b465ee728b)
Start importing Assets/Resources/Assets/VuforiaConfiguration.asset using Guid(6c0853b20fd03ec4fb4d95d245b92cf2) Importer(815301076,1909f56bfc062723c751e8b465ee728b)  -> (artifact id: 'a5b5bc89db310e07e9e0db379c34eb22') in 0.009436 seconds 
========================================================================
Received Import Request.
  Time since last request: 0.000276 seconds.
  path: Assets/Resources/Assets/Lab_NodeList.asset
  artifactKey: Guid(13fbd2f861284dd4f893411c86b0f5d0) Importer(815301076,1909f56bfc062723c751e8b465ee728b)
Start importing Assets/Resources/Assets/Lab_NodeList.asset using Guid(13fbd2f861284dd4f893411c86b0f5d0) Importer(815301076,1909f56bfc062723c751e8b465ee728b)  -> (artifact id: '7c2d49073d31605183cb168a5ea0c875') in 0.010506 seconds 
========================================================================
Received Import Request.
  Time since last request: 26.096289 seconds.
  path: Assets/StreamingAssets/Vuforia
  artifactKey: Guid(ab1318ea813b3fe498a2771ed0d97be7) Importer(815301076,1909f56bfc062723c751e8b465ee728b)
Start importing Assets/StreamingAssets/Vuforia using Guid(ab1318ea813b3fe498a2771ed0d97be7) Importer(815301076,1909f56bfc062723c751e8b465ee728b)  -> (artifact id: '887067bd978a0a8d62aed00a8948904f') in 0.005663 seconds 
========================================================================
Received Import Request.
  Time since last request: 2.597723 seconds.
  path: Assets/StreamingAssets/Vuforia/imagetest.dat
  artifactKey: Guid(b7a9090885254299be0de65b279e5302) Importer(815301076,1909f56bfc062723c751e8b465ee728b)
Start importing Assets/StreamingAssets/Vuforia/imagetest.dat using Guid(b7a9090885254299be0de65b279e5302) Importer(815301076,1909f56bfc062723c751e8b465ee728b)  -> (artifact id: 'e85069c16eef659707ea6b2b0217cd90') in 0.336084 seconds 
========================================================================
Received Import Request.
  Time since last request: 4.275264 seconds.
  path: Assets/StreamingAssets/Vuforia/imagetest.xml
  artifactKey: Guid(cf8e8d65c21d46daa427cfe8ade4127f) Importer(815301076,1909f56bfc062723c751e8b465ee728b)
Start importing Assets/StreamingAssets/Vuforia/imagetest.xml using Guid(cf8e8d65c21d46daa427cfe8ade4127f) Importer(815301076,1909f56bfc062723c751e8b465ee728b)  -> (artifact id: '67767cdff05f2ffec37a0e0e7dee2300') in 1.138112 seconds 
