Unity Editor version:    2021.1.22f1 (a137e5fb0427)
Branch:                  2021.1/staging
Build type:              Release
Batch mode:              YES
macOS version:           Version 11.6 (Build 20G165)
Darwin version:          20.6.0
Architecture:            x86_64
Running under Rosetta:   NO
Available memory:        8192 MB
Using pre-set license
Pro License: NO
Pro License: NO

COMMAND LINE ARGUMENTS:
/Users/onukishuntasuku/Desktop/unity/2021.1.22f1/Unity.app/Contents/MacOS/Unity
-adb2
-batchMode
-noUpm
-name
AssetImportWorker1
-projectPath
/Users/onukishuntasuku/Documents/GitHub/lab_project/onuki/App/Backup202201260309
-logFile
Logs/AssetImportWorker1.log
-srvPort
63383
Successfully changed project path to: /Users/onukishuntasuku/Documents/GitHub/lab_project/onuki/App/Backup202201260309
/Users/onukishuntasuku/Documents/GitHub/lab_project/onuki/App/Backup202201260309
Using Asset Import Pipeline V2.
Refreshing native plugins compatible for Editor in 157.04 ms, found 2 plugins.
Preloading 0 native plugins for Editor in 0.00 ms.
Initialize engine version: 2021.1.22f1 (a137e5fb0427)
[Subsystems] Discovering subsystems at path /Users/onukishuntasuku/Desktop/unity/2021.1.22f1/Unity.app/Contents/Resources/UnitySubsystems
[Subsystems] Discovering subsystems at path /Users/onukishuntasuku/Documents/GitHub/lab_project/onuki/App/Backup202201260309/Assets
GfxDevice: creating device client; threaded=0; jobified=0
2022-02-03 22:08:37.026 Unity[43919:2777107] Color LCD preferred device: Intel(R) Iris(TM) Graphics 6000 (low power)
2022-02-03 22:08:37.026 Unity[43919:2777107] Metal devices available: 1
2022-02-03 22:08:37.026 Unity[43919:2777107] 0: Intel(R) Iris(TM) Graphics 6000 (low power)
2022-02-03 22:08:37.026 Unity[43919:2777107] Using device Intel(R) Iris(TM) Graphics 6000 (low power)
Initializing Metal device caps: Intel(R) Iris(TM) Graphics 6000
Initialize mono
Mono path[0] = '/Users/onukishuntasuku/Desktop/unity/2021.1.22f1/Unity.app/Contents/Managed'
Mono path[1] = '/Users/onukishuntasuku/Desktop/unity/2021.1.22f1/Unity.app/Contents/MonoBleedingEdge/lib/mono/unityjit'
Mono config path = '/Users/onukishuntasuku/Desktop/unity/2021.1.22f1/Unity.app/Contents/MonoBleedingEdge/etc'
Using monoOptions --debugger-agent=transport=dt_socket,embedding=1,server=y,suspend=n,address=127.0.0.1:56919
Begin MonoManager ReloadAssembly
Registering precompiled unity dll's ...
Register platform support module: /Users/onukishuntasuku/Desktop/unity/2021.1.22f1/Unity.app/Contents/PlaybackEngines/MacStandaloneSupport/UnityEditor.OSXStandalone.Extensions.dll
Registered in 0.002692 seconds.
Native extension for OSXStandalone target not found
Refreshing native plugins compatible for Editor in 120.86 ms, found 2 plugins.
Preloading 0 native plugins for Editor in 0.00 ms.
Mono: successfully reloaded assembly
- Completed reload, in  8.794 seconds
Domain Reload Profiling:
	ReloadAssembly (8794ms)
		BeginReloadAssembly (115ms)
			ExecutionOrderSort (0ms)
			DisableScriptedObjects (0ms)
			BackupInstance (0ms)
			ReleaseScriptingObjects (0ms)
			CreateAndSetChildDomain (1ms)
		EndReloadAssembly (893ms)
			LoadAssemblies (113ms)
			RebuildTransferFunctionScriptingTraits (0ms)
			SetupTypeCache (382ms)
			ReleaseScriptCaches (0ms)
			RebuildScriptCaches (59ms)
			SetupLoadedEditorAssemblies (380ms)
				LogAssemblyErrors (0ms)
				InitializePlatformSupportModulesInManaged (9ms)
				SetLoadedEditorAssemblies (0ms)
				RefreshPlugins (121ms)
				BeforeProcessingInitializeOnLoad (2ms)
				ProcessInitializeOnLoadAttributes (198ms)
				ProcessInitializeOnLoadMethodAttributes (49ms)
				AfterProcessingInitializeOnLoad (0ms)
				EditorAssembliesLoaded (0ms)
			ExecutionOrderSort2 (0ms)
			AwakeInstancesAfterBackupRestoration (0ms)
Platform modules already initialized, skipping
Registering precompiled user dll's ...
Registered in 0.004258 seconds.
Begin MonoManager ReloadAssembly
Symbol file LoadedFromMemory doesn't match image /Users/onukishuntasuku/Documents/GitHub/lab_project/onuki/App/Backup202201260309/Library/PackageCache/com.unity.visualscripting@1.6.1/Editor/VisualScripting.Core/Dependencies/YamlDotNet/Unity.VisualScripting.YamlDotNet.dll
Symbol file LoadedFromMemory doesn't match image /Users/onukishuntasuku/Documents/GitHub/lab_project/onuki/App/Backup202201260309/Library/PackageCache/com.unity.visualscripting@1.6.1/Editor/VisualScripting.Core/Dependencies/DotNetZip/Unity.VisualScripting.IonicZip.dll
Native extension for OSXStandalone target not found
Refreshing native plugins compatible for Editor in 0.80 ms, found 2 plugins.
Preloading 0 native plugins for Editor in 0.00 ms.
Mono: successfully reloaded assembly
- Completed reload, in  2.395 seconds
Domain Reload Profiling:
	ReloadAssembly (2395ms)
		BeginReloadAssembly (300ms)
			ExecutionOrderSort (0ms)
			DisableScriptedObjects (8ms)
			BackupInstance (0ms)
			ReleaseScriptingObjects (0ms)
			CreateAndSetChildDomain (63ms)
		EndReloadAssembly (1942ms)
			LoadAssemblies (179ms)
			RebuildTransferFunctionScriptingTraits (0ms)
			SetupTypeCache (872ms)
			ReleaseScriptCaches (1ms)
			RebuildScriptCaches (95ms)
			SetupLoadedEditorAssemblies (620ms)
				LogAssemblyErrors (0ms)
				InitializePlatformSupportModulesInManaged (7ms)
				SetLoadedEditorAssemblies (1ms)
				RefreshPlugins (1ms)
				BeforeProcessingInitializeOnLoad (102ms)
				ProcessInitializeOnLoadAttributes (495ms)
				ProcessInitializeOnLoadMethodAttributes (11ms)
				AfterProcessingInitializeOnLoad (4ms)
				EditorAssembliesLoaded (0ms)
			ExecutionOrderSort2 (0ms)
			AwakeInstancesAfterBackupRestoration (17ms)
Platform modules already initialized, skipping
========================================================================
Worker process is ready to serve import requests
Launching external process: /Users/onukishuntasuku/Desktop/unity/2021.1.22f1/Unity.app/Contents/Tools/UnityShaderCompiler
Launched and connected shader compiler UnityShaderCompiler after 0.07 seconds
Refreshing native plugins compatible for Editor in 1.34 ms, found 2 plugins.
Preloading 0 native plugins for Editor in 0.00 ms.
Unloading 3344 Unused Serialized files (Serialized files now loaded: 0)
System memory in use before: 247.8 MB.
System memory in use after: 248.0 MB.

Unloading 26 unused Assets to reduce memory usage. Loaded Objects now: 3786.
Total: 7.464315 ms (FindLiveObjects: 0.466623 ms CreateObjectMapping: 0.327567 ms MarkObjects: 6.576092 ms  DeleteObjects: 0.092169 ms)

AssetImportParameters requested are different than current active one (requested -> active):
  custom:video-decoder-ogg-theora: a1e56fd34408186e4bbccfd4996cb3dc -> 
  custom:container-muxer-webm: aa71ff27fc2769a1b78a27578f13a17b -> 
  custom:container-demuxer-webm: 4f35f7cbe854078d1ac9338744f61a02 -> 
  custom:container-demuxer-ogg: 62fdf1f143b41e24485cea50d1cbac27 -> 
  custom:video-encoder-webm-vp8: eb34c28f22e8b96e1ab97ce403110664 -> 
  custom:framework-osx-AVFoundation: e770b220cccbd017edd2c1fefb359320 -> 
  custom:video-decoder-webm-vp8: 9c59270c3fd7afecdb556c50c9e8de78 -> 
  custom:audio-decoder-ogg-vorbis: bf7c407c2cedff20999df2af8eb42d56 -> 
  custom:audio-encoder-webm-vorbis: bf7c407c2cedff20999df2af8eb42d56 -> 
========================================================================
Received Import Request.
  path: Assets/Resources/Prehabs/Nodes.prefab
  artifactKey: Guid(075fc70fb6b464526ac439305501837d) Importer(815301076,1909f56bfc062723c751e8b465ee728b)
Start importing Assets/Resources/Prehabs/Nodes.prefab using Guid(075fc70fb6b464526ac439305501837d) Importer(815301076,1909f56bfc062723c751e8b465ee728b)  -> (artifact id: '74d8fe51e0f622d19139ecb6496e479e') in 2.301347 seconds 
========================================================================
Received Import Request.
  Time since last request: 0.000433 seconds.
  path: Assets/Resources/Prehabs/New Material.mat
  artifactKey: Guid(bf4debdb1c13d4a0395a9a22710e33af) Importer(815301076,1909f56bfc062723c751e8b465ee728b)
Start importing Assets/Resources/Prehabs/New Material.mat using Guid(bf4debdb1c13d4a0395a9a22710e33af) Importer(815301076,1909f56bfc062723c751e8b465ee728b)  -> (artifact id: '5691791aecf2d471dd82145d50361c4a') in 0.595265 seconds 
========================================================================
Received Import Request.
  Time since last request: 0.000384 seconds.
  path: Assets/Resources/Prehabs/MapNode.prefab
  artifactKey: Guid(df63b5b7e98bd084bae1eaf60939d040) Importer(815301076,1909f56bfc062723c751e8b465ee728b)
Start importing Assets/Resources/Prehabs/MapNode.prefab using Guid(df63b5b7e98bd084bae1eaf60939d040) Importer(815301076,1909f56bfc062723c751e8b465ee728b)  -> (artifact id: 'e8de85c53c054e02e2e757530fceeb0d') in 0.042663 seconds 
========================================================================
Received Prepare
Registering precompiled user dll's ...
Registered in 0.040205 seconds.
Begin MonoManager ReloadAssembly
Symbol file LoadedFromMemory doesn't match image /Users/onukishuntasuku/Documents/GitHub/lab_project/onuki/App/Backup202201260309/Library/PackageCache/com.unity.visualscripting@1.6.1/Editor/VisualScripting.Core/Dependencies/YamlDotNet/Unity.VisualScripting.YamlDotNet.dll
Symbol file LoadedFromMemory doesn't match image /Users/onukishuntasuku/Documents/GitHub/lab_project/onuki/App/Backup202201260309/Library/PackageCache/com.unity.visualscripting@1.6.1/Editor/VisualScripting.Core/Dependencies/DotNetZip/Unity.VisualScripting.IonicZip.dll
Native extension for OSXStandalone target not found
Refreshing native plugins compatible for Editor in 0.76 ms, found 2 plugins.
Preloading 0 native plugins for Editor in 0.00 ms.
Mono: successfully reloaded assembly
- Completed reload, in  2.155 seconds
Domain Reload Profiling:
	ReloadAssembly (2156ms)
		BeginReloadAssembly (397ms)
			ExecutionOrderSort (0ms)
			DisableScriptedObjects (29ms)
			BackupInstance (0ms)
			ReleaseScriptingObjects (0ms)
			CreateAndSetChildDomain (144ms)
		EndReloadAssembly (1659ms)
			LoadAssemblies (332ms)
			RebuildTransferFunctionScriptingTraits (0ms)
			SetupTypeCache (703ms)
			ReleaseScriptCaches (1ms)
			RebuildScriptCaches (73ms)
			SetupLoadedEditorAssemblies (450ms)
				LogAssemblyErrors (0ms)
				InitializePlatformSupportModulesInManaged (6ms)
				SetLoadedEditorAssemblies (1ms)
				RefreshPlugins (1ms)
				BeforeProcessingInitializeOnLoad (73ms)
				ProcessInitializeOnLoadAttributes (360ms)
				ProcessInitializeOnLoadMethodAttributes (7ms)
				AfterProcessingInitializeOnLoad (2ms)
				EditorAssembliesLoaded (0ms)
			ExecutionOrderSort2 (0ms)
			AwakeInstancesAfterBackupRestoration (12ms)
Platform modules already initialized, skipping
Switching build target platform(2) subTarget(0) extendedPlatform(0) -> platform(13) subTarget(524288) extendedPlatform(0)
Refreshing native plugins compatible for Editor in 1.40 ms, found 2 plugins.
Preloading 0 native plugins for Editor in 0.00 ms.
Unloading 3323 Unused Serialized files (Serialized files now loaded: 0)
System memory in use before: 260.5 MB.
System memory in use after: 260.8 MB.

Unloading 21 unused Assets to reduce memory usage. Loaded Objects now: 3830.
Total: 4.878248 ms (FindLiveObjects: 0.437465 ms CreateObjectMapping: 0.194117 ms MarkObjects: 4.220919 ms  DeleteObjects: 0.024317 ms)

AssetImportParameters requested are different than current active one (requested -> active):
  custom:video-decoder-ogg-theora: a1e56fd34408186e4bbccfd4996cb3dc -> 
  custom:container-muxer-webm: aa71ff27fc2769a1b78a27578f13a17b -> 
  custom:container-demuxer-webm: 4f35f7cbe854078d1ac9338744f61a02 -> 
  custom:container-demuxer-ogg: 62fdf1f143b41e24485cea50d1cbac27 -> 
  custom:video-encoder-webm-vp8: eb34c28f22e8b96e1ab97ce403110664 -> 
  custom:framework-osx-AVFoundation: e770b220cccbd017edd2c1fefb359320 -> 
  custom:video-decoder-webm-vp8: 9c59270c3fd7afecdb556c50c9e8de78 -> 
  custom:graphics/normal-map-encoding: 01000000000000000000000000000000 -> 02000000000000000000000000000000
  custom:audio-decoder-ogg-vorbis: bf7c407c2cedff20999df2af8eb42d56 -> 
  custom:audio-encoder-webm-vorbis: bf7c407c2cedff20999df2af8eb42d56 -> 
========================================================================
Received Prepare
Registering precompiled user dll's ...
Registered in 0.016761 seconds.
Begin MonoManager ReloadAssembly
Symbol file LoadedFromMemory doesn't match image /Users/onukishuntasuku/Documents/GitHub/lab_project/onuki/App/Backup202201260309/Library/PackageCache/com.unity.visualscripting@1.6.1/Editor/VisualScripting.Core/Dependencies/YamlDotNet/Unity.VisualScripting.YamlDotNet.dll
Symbol file LoadedFromMemory doesn't match image /Users/onukishuntasuku/Documents/GitHub/lab_project/onuki/App/Backup202201260309/Library/PackageCache/com.unity.visualscripting@1.6.1/Editor/VisualScripting.Core/Dependencies/DotNetZip/Unity.VisualScripting.IonicZip.dll
Native extension for OSXStandalone target not found
Refreshing native plugins compatible for Editor in 0.90 ms, found 2 plugins.
Preloading 0 native plugins for Editor in 0.00 ms.
Mono: successfully reloaded assembly
- Completed reload, in  2.495 seconds
Domain Reload Profiling:
	ReloadAssembly (2495ms)
		BeginReloadAssembly (426ms)
			ExecutionOrderSort (0ms)
			DisableScriptedObjects (8ms)
			BackupInstance (0ms)
			ReleaseScriptingObjects (0ms)
			CreateAndSetChildDomain (176ms)
		EndReloadAssembly (1950ms)
			LoadAssemblies (431ms)
			RebuildTransferFunctionScriptingTraits (0ms)
			SetupTypeCache (853ms)
			ReleaseScriptCaches (1ms)
			RebuildScriptCaches (78ms)
			SetupLoadedEditorAssemblies (515ms)
				LogAssemblyErrors (0ms)
				InitializePlatformSupportModulesInManaged (10ms)
				SetLoadedEditorAssemblies (1ms)
				RefreshPlugins (1ms)
				BeforeProcessingInitializeOnLoad (102ms)
				ProcessInitializeOnLoadAttributes (390ms)
				ProcessInitializeOnLoadMethodAttributes (8ms)
				AfterProcessingInitializeOnLoad (2ms)
				EditorAssembliesLoaded (0ms)
			ExecutionOrderSort2 (0ms)
			AwakeInstancesAfterBackupRestoration (13ms)
Platform modules already initialized, skipping
Switching build target platform(2) subTarget(0) extendedPlatform(0) -> platform(13) subTarget(524288) extendedPlatform(0)
Refreshing native plugins compatible for Editor in 0.92 ms, found 2 plugins.
Preloading 0 native plugins for Editor in 0.00 ms.
Unloading 3323 Unused Serialized files (Serialized files now loaded: 0)
System memory in use before: 260.8 MB.
System memory in use after: 261.0 MB.

Unloading 21 unused Assets to reduce memory usage. Loaded Objects now: 3833.
Total: 5.099047 ms (FindLiveObjects: 0.322386 ms CreateObjectMapping: 0.156623 ms MarkObjects: 4.571886 ms  DeleteObjects: 0.046307 ms)

AssetImportParameters requested are different than current active one (requested -> active):
  custom:video-decoder-ogg-theora: a1e56fd34408186e4bbccfd4996cb3dc -> 
  custom:container-muxer-webm: aa71ff27fc2769a1b78a27578f13a17b -> 
  custom:container-demuxer-webm: 4f35f7cbe854078d1ac9338744f61a02 -> 
  custom:container-demuxer-ogg: 62fdf1f143b41e24485cea50d1cbac27 -> 
  custom:video-encoder-webm-vp8: eb34c28f22e8b96e1ab97ce403110664 -> 
  custom:framework-osx-AVFoundation: e770b220cccbd017edd2c1fefb359320 -> 
  custom:video-decoder-webm-vp8: 9c59270c3fd7afecdb556c50c9e8de78 -> 
  custom:graphics/normal-map-encoding: 01000000000000000000000000000000 -> 02000000000000000000000000000000
  custom:audio-decoder-ogg-vorbis: bf7c407c2cedff20999df2af8eb42d56 -> 
  custom:audio-encoder-webm-vorbis: bf7c407c2cedff20999df2af8eb42d56 -> 
========================================================================
Received Import Request.
  Time since last request: 791.503597 seconds.
  path: Assets/Resources/Prehabs/New Material 1.mat
  artifactKey: Guid(ff4ddde710fca4015a14c482fe1cbd88) Importer(815301076,1909f56bfc062723c751e8b465ee728b)
Start importing Assets/Resources/Prehabs/New Material 1.mat using Guid(ff4ddde710fca4015a14c482fe1cbd88) Importer(815301076,1909f56bfc062723c751e8b465ee728b)  -> (artifact id: 'f1d97f8ca76cd269f2f8d817f7a8c950') in 0.153399 seconds 
========================================================================
Received Import Request.
  Time since last request: 18.095841 seconds.
  path: Assets/Resources/Prehabs/MapNode.prefab
  artifactKey: Guid(df63b5b7e98bd084bae1eaf60939d040) Importer(815301076,1909f56bfc062723c751e8b465ee728b)
Start importing Assets/Resources/Prehabs/MapNode.prefab using Guid(df63b5b7e98bd084bae1eaf60939d040) Importer(815301076,1909f56bfc062723c751e8b465ee728b)  -> (artifact id: 'f0b1c0f8a2998c7124e703db81bde180') in 0.047214 seconds 
========================================================================
Received Import Request.
  Time since last request: 0.000422 seconds.
  path: Assets/Resources/Prehabs/Nodes.prefab
  artifactKey: Guid(075fc70fb6b464526ac439305501837d) Importer(815301076,1909f56bfc062723c751e8b465ee728b)
Start importing Assets/Resources/Prehabs/Nodes.prefab using Guid(075fc70fb6b464526ac439305501837d) Importer(815301076,1909f56bfc062723c751e8b465ee728b)  -> (artifact id: 'd0e7deb0ec7a4fc0e22bef68052b0555') in 0.024834 seconds 
========================================================================
Received Import Request.
  Time since last request: 9.745555 seconds.
  path: Assets/Resources/Prehabs/MapNode.prefab
  artifactKey: Guid(df63b5b7e98bd084bae1eaf60939d040) Importer(815301076,1909f56bfc062723c751e8b465ee728b)
Start importing Assets/Resources/Prehabs/MapNode.prefab using Guid(df63b5b7e98bd084bae1eaf60939d040) Importer(815301076,1909f56bfc062723c751e8b465ee728b)  -> (artifact id: 'bd5ea00d8991c075413f2de93d0fba40') in 0.015018 seconds 
========================================================================
Received Import Request.
  Time since last request: 0.003617 seconds.
  path: Assets/Resources/Prehabs/Nodes.prefab
  artifactKey: Guid(075fc70fb6b464526ac439305501837d) Importer(815301076,1909f56bfc062723c751e8b465ee728b)
Start importing Assets/Resources/Prehabs/Nodes.prefab using Guid(075fc70fb6b464526ac439305501837d) Importer(815301076,1909f56bfc062723c751e8b465ee728b)  -> (artifact id: '6497e7c1197edc948d8a07ea8df28e2b') in 0.060369 seconds 
========================================================================
Received Import Request.
  Time since last request: 4.351306 seconds.
  path: Assets/Resources/Prehabs/MapNode.prefab
  artifactKey: Guid(df63b5b7e98bd084bae1eaf60939d040) Importer(815301076,1909f56bfc062723c751e8b465ee728b)
Start importing Assets/Resources/Prehabs/MapNode.prefab using Guid(df63b5b7e98bd084bae1eaf60939d040) Importer(815301076,1909f56bfc062723c751e8b465ee728b)  -> (artifact id: 'c09f00e86ab672ef582ad875383802e7') in 0.014339 seconds 
========================================================================
Received Import Request.
  Time since last request: 0.003559 seconds.
  path: Assets/Resources/Prehabs/Nodes.prefab
  artifactKey: Guid(075fc70fb6b464526ac439305501837d) Importer(815301076,1909f56bfc062723c751e8b465ee728b)
Start importing Assets/Resources/Prehabs/Nodes.prefab using Guid(075fc70fb6b464526ac439305501837d) Importer(815301076,1909f56bfc062723c751e8b465ee728b)  -> (artifact id: 'd04f83126a5aaa8693d7ed32b2fcb22f') in 0.020145 seconds 
========================================================================
Received Import Request.
  Time since last request: 53.037881 seconds.
  path: Assets/Resources/Prehabs/MapNode.prefab
  artifactKey: Guid(df63b5b7e98bd084bae1eaf60939d040) Importer(815301076,1909f56bfc062723c751e8b465ee728b)
Start importing Assets/Resources/Prehabs/MapNode.prefab using Guid(df63b5b7e98bd084bae1eaf60939d040) Importer(815301076,1909f56bfc062723c751e8b465ee728b)  -> (artifact id: 'b3686fdc477eabbf12214efc521b64d4') in 0.017854 seconds 
========================================================================
Received Import Request.
  Time since last request: 0.000417 seconds.
  path: Assets/Resources/Prehabs/Nodes.prefab
  artifactKey: Guid(075fc70fb6b464526ac439305501837d) Importer(815301076,1909f56bfc062723c751e8b465ee728b)
Start importing Assets/Resources/Prehabs/Nodes.prefab using Guid(075fc70fb6b464526ac439305501837d) Importer(815301076,1909f56bfc062723c751e8b465ee728b)  -> (artifact id: '473a74eaab73940f0ee559ee258aa829') in 0.035084 seconds 
========================================================================
Received Import Request.
  Time since last request: 3.733030 seconds.
  path: Assets/Resources/Prehabs/MapNode.prefab
  artifactKey: Guid(df63b5b7e98bd084bae1eaf60939d040) Importer(815301076,1909f56bfc062723c751e8b465ee728b)
Start importing Assets/Resources/Prehabs/MapNode.prefab using Guid(df63b5b7e98bd084bae1eaf60939d040) Importer(815301076,1909f56bfc062723c751e8b465ee728b)  -> (artifact id: '705f3579d7f33d56cfd761a7d7820605') in 0.013469 seconds 
========================================================================
Received Import Request.
  Time since last request: 0.000662 seconds.
  path: Assets/Resources/Prehabs/Nodes.prefab
  artifactKey: Guid(075fc70fb6b464526ac439305501837d) Importer(815301076,1909f56bfc062723c751e8b465ee728b)
Start importing Assets/Resources/Prehabs/Nodes.prefab using Guid(075fc70fb6b464526ac439305501837d) Importer(815301076,1909f56bfc062723c751e8b465ee728b)  -> (artifact id: '7a8f497a140a8d007bb166cdd8b151ca') in 0.032928 seconds 
========================================================================
Received Import Request.
  Time since last request: 4.909862 seconds.
  path: Assets/Resources/Prehabs/MapNode.prefab
  artifactKey: Guid(df63b5b7e98bd084bae1eaf60939d040) Importer(815301076,1909f56bfc062723c751e8b465ee728b)
Start importing Assets/Resources/Prehabs/MapNode.prefab using Guid(df63b5b7e98bd084bae1eaf60939d040) Importer(815301076,1909f56bfc062723c751e8b465ee728b)  -> (artifact id: '3e2a77831a0bb27a06a6662736362768') in 0.013146 seconds 
========================================================================
Received Import Request.
  Time since last request: 0.000395 seconds.
  path: Assets/Resources/Prehabs/Nodes.prefab
  artifactKey: Guid(075fc70fb6b464526ac439305501837d) Importer(815301076,1909f56bfc062723c751e8b465ee728b)
Start importing Assets/Resources/Prehabs/Nodes.prefab using Guid(075fc70fb6b464526ac439305501837d) Importer(815301076,1909f56bfc062723c751e8b465ee728b)  -> (artifact id: '9e96a6bf4f6d68a6c73085b22b09fa0c') in 0.025785 seconds 
========================================================================
Received Import Request.
  Time since last request: 5.316666 seconds.
  path: Assets/Resources/Prehabs/MapNode.prefab
  artifactKey: Guid(df63b5b7e98bd084bae1eaf60939d040) Importer(815301076,1909f56bfc062723c751e8b465ee728b)
Start importing Assets/Resources/Prehabs/MapNode.prefab using Guid(df63b5b7e98bd084bae1eaf60939d040) Importer(815301076,1909f56bfc062723c751e8b465ee728b)  -> (artifact id: '8d9f4f6c35326486af4e52a226edf87d') in 0.012858 seconds 
========================================================================
Received Import Request.
  Time since last request: 0.000781 seconds.
  path: Assets/Resources/Prehabs/Nodes.prefab
  artifactKey: Guid(075fc70fb6b464526ac439305501837d) Importer(815301076,1909f56bfc062723c751e8b465ee728b)
Start importing Assets/Resources/Prehabs/Nodes.prefab using Guid(075fc70fb6b464526ac439305501837d) Importer(815301076,1909f56bfc062723c751e8b465ee728b)  -> (artifact id: '6ada0fb59b9845a7d994f496e318c7c8') in 0.025399 seconds 
========================================================================
Received Import Request.
  Time since last request: 2.715851 seconds.
  path: Assets/Resources/Prehabs/MapNode.prefab
  artifactKey: Guid(df63b5b7e98bd084bae1eaf60939d040) Importer(815301076,1909f56bfc062723c751e8b465ee728b)
Start importing Assets/Resources/Prehabs/MapNode.prefab using Guid(df63b5b7e98bd084bae1eaf60939d040) Importer(815301076,1909f56bfc062723c751e8b465ee728b)  -> (artifact id: '4fe24e2aa2ae213fe4303a101dcfadbe') in 0.011730 seconds 
========================================================================
Received Import Request.
  Time since last request: 0.000406 seconds.
  path: Assets/Resources/Prehabs/Nodes.prefab
  artifactKey: Guid(075fc70fb6b464526ac439305501837d) Importer(815301076,1909f56bfc062723c751e8b465ee728b)
Start importing Assets/Resources/Prehabs/Nodes.prefab using Guid(075fc70fb6b464526ac439305501837d) Importer(815301076,1909f56bfc062723c751e8b465ee728b)  -> (artifact id: 'fdc43a25150cd79643f8a111afd600d6') in 0.026776 seconds 
========================================================================
Received Import Request.
  Time since last request: 5.196654 seconds.
  path: Assets/Resources/Prehabs/MapNode.prefab
  artifactKey: Guid(df63b5b7e98bd084bae1eaf60939d040) Importer(815301076,1909f56bfc062723c751e8b465ee728b)
Start importing Assets/Resources/Prehabs/MapNode.prefab using Guid(df63b5b7e98bd084bae1eaf60939d040) Importer(815301076,1909f56bfc062723c751e8b465ee728b)  -> (artifact id: 'c9733ed65c38828609d12af68b66c069') in 0.011927 seconds 
========================================================================
Received Import Request.
  Time since last request: 0.000408 seconds.
  path: Assets/Resources/Prehabs/Nodes.prefab
  artifactKey: Guid(075fc70fb6b464526ac439305501837d) Importer(815301076,1909f56bfc062723c751e8b465ee728b)
Start importing Assets/Resources/Prehabs/Nodes.prefab using Guid(075fc70fb6b464526ac439305501837d) Importer(815301076,1909f56bfc062723c751e8b465ee728b)  -> (artifact id: '03c9db3a965428dc3899d5140d3204c5') in 0.025859 seconds 
========================================================================
Received Import Request.
  Time since last request: 2.786846 seconds.
  path: Assets/Resources/Prehabs/MapNode.prefab
  artifactKey: Guid(df63b5b7e98bd084bae1eaf60939d040) Importer(815301076,1909f56bfc062723c751e8b465ee728b)
Start importing Assets/Resources/Prehabs/MapNode.prefab using Guid(df63b5b7e98bd084bae1eaf60939d040) Importer(815301076,1909f56bfc062723c751e8b465ee728b)  -> (artifact id: '687565f9792a9f49eb69c6c254f0ac70') in 0.012188 seconds 
========================================================================
Received Import Request.
  Time since last request: 0.000407 seconds.
  path: Assets/Resources/Prehabs/Nodes.prefab
  artifactKey: Guid(075fc70fb6b464526ac439305501837d) Importer(815301076,1909f56bfc062723c751e8b465ee728b)
Start importing Assets/Resources/Prehabs/Nodes.prefab using Guid(075fc70fb6b464526ac439305501837d) Importer(815301076,1909f56bfc062723c751e8b465ee728b)  -> (artifact id: 'dbe7d760948171a70aaeccf130ca68f7') in 0.023842 seconds 
========================================================================
Received Import Request.
  Time since last request: 1.965037 seconds.
  path: Assets/Resources/Prehabs/MapNode.prefab
  artifactKey: Guid(df63b5b7e98bd084bae1eaf60939d040) Importer(815301076,1909f56bfc062723c751e8b465ee728b)
Start importing Assets/Resources/Prehabs/MapNode.prefab using Guid(df63b5b7e98bd084bae1eaf60939d040) Importer(815301076,1909f56bfc062723c751e8b465ee728b)  -> (artifact id: '5a11c3a10be8627b4d9a4d4e49a77dcb') in 0.011129 seconds 
========================================================================
Received Import Request.
  Time since last request: 0.000407 seconds.
  path: Assets/Resources/Prehabs/Nodes.prefab
  artifactKey: Guid(075fc70fb6b464526ac439305501837d) Importer(815301076,1909f56bfc062723c751e8b465ee728b)
Start importing Assets/Resources/Prehabs/Nodes.prefab using Guid(075fc70fb6b464526ac439305501837d) Importer(815301076,1909f56bfc062723c751e8b465ee728b)  -> (artifact id: '61f2a515bf3f4ec520c54855bdf9b58e') in 0.026755 seconds 
========================================================================
Received Prepare
Registering precompiled user dll's ...
Registered in 0.016220 seconds.
Begin MonoManager ReloadAssembly
Symbol file LoadedFromMemory doesn't match image /Users/onukishuntasuku/Documents/GitHub/lab_project/onuki/App/Backup202201260309/Library/PackageCache/com.unity.visualscripting@1.6.1/Editor/VisualScripting.Core/Dependencies/YamlDotNet/Unity.VisualScripting.YamlDotNet.dll
Symbol file LoadedFromMemory doesn't match image /Users/onukishuntasuku/Documents/GitHub/lab_project/onuki/App/Backup202201260309/Library/PackageCache/com.unity.visualscripting@1.6.1/Editor/VisualScripting.Core/Dependencies/DotNetZip/Unity.VisualScripting.IonicZip.dll
Native extension for OSXStandalone target not found
Refreshing native plugins compatible for Editor in 0.74 ms, found 2 plugins.
Preloading 0 native plugins for Editor in 0.00 ms.
Mono: successfully reloaded assembly
- Completed reload, in  3.396 seconds
Domain Reload Profiling:
	ReloadAssembly (3396ms)
		BeginReloadAssembly (797ms)
			ExecutionOrderSort (0ms)
			DisableScriptedObjects (9ms)
			BackupInstance (0ms)
			ReleaseScriptingObjects (0ms)
			CreateAndSetChildDomain (509ms)
		EndReloadAssembly (2415ms)
			LoadAssemblies (554ms)
			RebuildTransferFunctionScriptingTraits (0ms)
			SetupTypeCache (807ms)
			ReleaseScriptCaches (1ms)
			RebuildScriptCaches (194ms)
			SetupLoadedEditorAssemblies (672ms)
				LogAssemblyErrors (0ms)
				InitializePlatformSupportModulesInManaged (8ms)
				SetLoadedEditorAssemblies (1ms)
				RefreshPlugins (1ms)
				BeforeProcessingInitializeOnLoad (110ms)
				ProcessInitializeOnLoadAttributes (543ms)
				ProcessInitializeOnLoadMethodAttributes (8ms)
				AfterProcessingInitializeOnLoad (2ms)
				EditorAssembliesLoaded (0ms)
			ExecutionOrderSort2 (0ms)
			AwakeInstancesAfterBackupRestoration (12ms)
Platform modules already initialized, skipping
Switching build target platform(2) subTarget(0) extendedPlatform(0) -> platform(13) subTarget(524288) extendedPlatform(0)
Refreshing native plugins compatible for Editor in 0.91 ms, found 2 plugins.
Preloading 0 native plugins for Editor in 0.00 ms.
Unloading 3323 Unused Serialized files (Serialized files now loaded: 0)
System memory in use before: 261.6 MB.
System memory in use after: 261.8 MB.

Unloading 21 unused Assets to reduce memory usage. Loaded Objects now: 3837.
Total: 6.498961 ms (FindLiveObjects: 0.271307 ms CreateObjectMapping: 0.150072 ms MarkObjects: 6.049569 ms  DeleteObjects: 0.026601 ms)

AssetImportParameters requested are different than current active one (requested -> active):
  custom:video-decoder-ogg-theora: a1e56fd34408186e4bbccfd4996cb3dc -> 
  custom:container-muxer-webm: aa71ff27fc2769a1b78a27578f13a17b -> 
  custom:container-demuxer-webm: 4f35f7cbe854078d1ac9338744f61a02 -> 
  custom:container-demuxer-ogg: 62fdf1f143b41e24485cea50d1cbac27 -> 
  custom:video-encoder-webm-vp8: eb34c28f22e8b96e1ab97ce403110664 -> 
  custom:framework-osx-AVFoundation: e770b220cccbd017edd2c1fefb359320 -> 
  custom:video-decoder-webm-vp8: 9c59270c3fd7afecdb556c50c9e8de78 -> 
  custom:graphics/normal-map-encoding: 01000000000000000000000000000000 -> 02000000000000000000000000000000
  custom:audio-decoder-ogg-vorbis: bf7c407c2cedff20999df2af8eb42d56 -> 
  custom:audio-encoder-webm-vorbis: bf7c407c2cedff20999df2af8eb42d56 -> 
========================================================================
Received Prepare
Registering precompiled user dll's ...
Registered in 0.004120 seconds.
Begin MonoManager ReloadAssembly
Symbol file LoadedFromMemory doesn't match image /Users/onukishuntasuku/Documents/GitHub/lab_project/onuki/App/Backup202201260309/Library/PackageCache/com.unity.visualscripting@1.6.1/Editor/VisualScripting.Core/Dependencies/YamlDotNet/Unity.VisualScripting.YamlDotNet.dll
Symbol file LoadedFromMemory doesn't match image /Users/onukishuntasuku/Documents/GitHub/lab_project/onuki/App/Backup202201260309/Library/PackageCache/com.unity.visualscripting@1.6.1/Editor/VisualScripting.Core/Dependencies/DotNetZip/Unity.VisualScripting.IonicZip.dll
Native extension for OSXStandalone target not found
Refreshing native plugins compatible for Editor in 0.78 ms, found 2 plugins.
Preloading 0 native plugins for Editor in 0.00 ms.
Mono: successfully reloaded assembly
- Completed reload, in  1.995 seconds
Domain Reload Profiling:
	ReloadAssembly (1996ms)
		BeginReloadAssembly (227ms)
			ExecutionOrderSort (0ms)
			DisableScriptedObjects (8ms)
			BackupInstance (0ms)
			ReleaseScriptingObjects (0ms)
			CreateAndSetChildDomain (130ms)
		EndReloadAssembly (1661ms)
			LoadAssemblies (132ms)
			RebuildTransferFunctionScriptingTraits (0ms)
			SetupTypeCache (754ms)
			ReleaseScriptCaches (1ms)
			RebuildScriptCaches (78ms)
			SetupLoadedEditorAssemblies (491ms)
				LogAssemblyErrors (0ms)
				InitializePlatformSupportModulesInManaged (7ms)
				SetLoadedEditorAssemblies (2ms)
				RefreshPlugins (1ms)
				BeforeProcessingInitializeOnLoad (76ms)
				ProcessInitializeOnLoadAttributes (395ms)
				ProcessInitializeOnLoadMethodAttributes (8ms)
				AfterProcessingInitializeOnLoad (2ms)
				EditorAssembliesLoaded (0ms)
			ExecutionOrderSort2 (0ms)
			AwakeInstancesAfterBackupRestoration (12ms)
Platform modules already initialized, skipping
Switching build target platform(2) subTarget(0) extendedPlatform(0) -> platform(13) subTarget(524288) extendedPlatform(0)
Refreshing native plugins compatible for Editor in 0.76 ms, found 2 plugins.
Preloading 0 native plugins for Editor in 0.00 ms.
Unloading 3323 Unused Serialized files (Serialized files now loaded: 0)
System memory in use before: 261.8 MB.
System memory in use after: 262.0 MB.

Unloading 21 unused Assets to reduce memory usage. Loaded Objects now: 3840.
Total: 4.526867 ms (FindLiveObjects: 0.380960 ms CreateObjectMapping: 0.190296 ms MarkObjects: 3.929342 ms  DeleteObjects: 0.024611 ms)

AssetImportParameters requested are different than current active one (requested -> active):
  custom:video-decoder-ogg-theora: a1e56fd34408186e4bbccfd4996cb3dc -> 
  custom:container-muxer-webm: aa71ff27fc2769a1b78a27578f13a17b -> 
  custom:container-demuxer-webm: 4f35f7cbe854078d1ac9338744f61a02 -> 
  custom:container-demuxer-ogg: 62fdf1f143b41e24485cea50d1cbac27 -> 
  custom:video-encoder-webm-vp8: eb34c28f22e8b96e1ab97ce403110664 -> 
  custom:framework-osx-AVFoundation: e770b220cccbd017edd2c1fefb359320 -> 
  custom:video-decoder-webm-vp8: 9c59270c3fd7afecdb556c50c9e8de78 -> 
  custom:graphics/normal-map-encoding: 01000000000000000000000000000000 -> 02000000000000000000000000000000
  custom:audio-decoder-ogg-vorbis: bf7c407c2cedff20999df2af8eb42d56 -> 
  custom:audio-encoder-webm-vorbis: bf7c407c2cedff20999df2af8eb42d56 -> 
========================================================================
Received Prepare
Registering precompiled user dll's ...
Registered in 0.008642 seconds.
Begin MonoManager ReloadAssembly
Symbol file LoadedFromMemory doesn't match image /Users/onukishuntasuku/Documents/GitHub/lab_project/onuki/App/Backup202201260309/Library/PackageCache/com.unity.visualscripting@1.6.1/Editor/VisualScripting.Core/Dependencies/YamlDotNet/Unity.VisualScripting.YamlDotNet.dll
Symbol file LoadedFromMemory doesn't match image /Users/onukishuntasuku/Documents/GitHub/lab_project/onuki/App/Backup202201260309/Library/PackageCache/com.unity.visualscripting@1.6.1/Editor/VisualScripting.Core/Dependencies/DotNetZip/Unity.VisualScripting.IonicZip.dll
Native extension for OSXStandalone target not found
Refreshing native plugins compatible for Editor in 0.74 ms, found 2 plugins.
Preloading 0 native plugins for Editor in 0.00 ms.
Mono: successfully reloaded assembly
- Completed reload, in  1.964 seconds
Domain Reload Profiling:
	ReloadAssembly (1965ms)
		BeginReloadAssembly (210ms)
			ExecutionOrderSort (0ms)
			DisableScriptedObjects (7ms)
			BackupInstance (0ms)
			ReleaseScriptingObjects (0ms)
			CreateAndSetChildDomain (116ms)
		EndReloadAssembly (1658ms)
			LoadAssemblies (124ms)
			RebuildTransferFunctionScriptingTraits (0ms)
			SetupTypeCache (753ms)
			ReleaseScriptCaches (1ms)
			RebuildScriptCaches (71ms)
			SetupLoadedEditorAssemblies (494ms)
				LogAssemblyErrors (0ms)
				InitializePlatformSupportModulesInManaged (6ms)
				SetLoadedEditorAssemblies (1ms)
				RefreshPlugins (1ms)
				BeforeProcessingInitializeOnLoad (72ms)
				ProcessInitializeOnLoadAttributes (406ms)
				ProcessInitializeOnLoadMethodAttributes (7ms)
				AfterProcessingInitializeOnLoad (2ms)
				EditorAssembliesLoaded (0ms)
			ExecutionOrderSort2 (0ms)
			AwakeInstancesAfterBackupRestoration (12ms)
Platform modules already initialized, skipping
Switching build target platform(2) subTarget(0) extendedPlatform(0) -> platform(13) subTarget(524288) extendedPlatform(0)
Refreshing native plugins compatible for Editor in 0.73 ms, found 2 plugins.
Preloading 0 native plugins for Editor in 0.00 ms.
Unloading 3323 Unused Serialized files (Serialized files now loaded: 0)
System memory in use before: 262.0 MB.
System memory in use after: 262.2 MB.

Unloading 21 unused Assets to reduce memory usage. Loaded Objects now: 3843.
Total: 4.060170 ms (FindLiveObjects: 0.279341 ms CreateObjectMapping: 0.157793 ms MarkObjects: 3.596208 ms  DeleteObjects: 0.025415 ms)

AssetImportParameters requested are different than current active one (requested -> active):
  custom:video-decoder-ogg-theora: a1e56fd34408186e4bbccfd4996cb3dc -> 
  custom:container-muxer-webm: aa71ff27fc2769a1b78a27578f13a17b -> 
  custom:container-demuxer-webm: 4f35f7cbe854078d1ac9338744f61a02 -> 
  custom:container-demuxer-ogg: 62fdf1f143b41e24485cea50d1cbac27 -> 
  custom:video-encoder-webm-vp8: eb34c28f22e8b96e1ab97ce403110664 -> 
  custom:framework-osx-AVFoundation: e770b220cccbd017edd2c1fefb359320 -> 
  custom:video-decoder-webm-vp8: 9c59270c3fd7afecdb556c50c9e8de78 -> 
  custom:graphics/normal-map-encoding: 01000000000000000000000000000000 -> 02000000000000000000000000000000
  custom:audio-decoder-ogg-vorbis: bf7c407c2cedff20999df2af8eb42d56 -> 
  custom:audio-encoder-webm-vorbis: bf7c407c2cedff20999df2af8eb42d56 -> 
========================================================================
Received Prepare
Registering precompiled user dll's ...
Registered in 0.004056 seconds.
Begin MonoManager ReloadAssembly
Symbol file LoadedFromMemory doesn't match image /Users/onukishuntasuku/Documents/GitHub/lab_project/onuki/App/Backup202201260309/Library/PackageCache/com.unity.visualscripting@1.6.1/Editor/VisualScripting.Core/Dependencies/YamlDotNet/Unity.VisualScripting.YamlDotNet.dll
Symbol file LoadedFromMemory doesn't match image /Users/onukishuntasuku/Documents/GitHub/lab_project/onuki/App/Backup202201260309/Library/PackageCache/com.unity.visualscripting@1.6.1/Editor/VisualScripting.Core/Dependencies/DotNetZip/Unity.VisualScripting.IonicZip.dll
Native extension for OSXStandalone target not found
Refreshing native plugins compatible for Editor in 0.81 ms, found 2 plugins.
Preloading 0 native plugins for Editor in 0.00 ms.
Mono: successfully reloaded assembly
- Completed reload, in  2.343 seconds
Domain Reload Profiling:
	ReloadAssembly (2344ms)
		BeginReloadAssembly (297ms)
			ExecutionOrderSort (0ms)
			DisableScriptedObjects (11ms)
			BackupInstance (0ms)
			ReleaseScriptingObjects (0ms)
			CreateAndSetChildDomain (175ms)
		EndReloadAssembly (1893ms)
			LoadAssemblies (163ms)
			RebuildTransferFunctionScriptingTraits (0ms)
			SetupTypeCache (863ms)
			ReleaseScriptCaches (2ms)
			RebuildScriptCaches (81ms)
			SetupLoadedEditorAssemblies (555ms)
				LogAssemblyErrors (0ms)
				InitializePlatformSupportModulesInManaged (10ms)
				SetLoadedEditorAssemblies (1ms)
				RefreshPlugins (1ms)
				BeforeProcessingInitializeOnLoad (110ms)
				ProcessInitializeOnLoadAttributes (424ms)
				ProcessInitializeOnLoadMethodAttributes (7ms)
				AfterProcessingInitializeOnLoad (2ms)
				EditorAssembliesLoaded (0ms)
			ExecutionOrderSort2 (0ms)
			AwakeInstancesAfterBackupRestoration (12ms)
Platform modules already initialized, skipping
Switching build target platform(2) subTarget(0) extendedPlatform(0) -> platform(13) subTarget(524288) extendedPlatform(0)
Refreshing native plugins compatible for Editor in 0.93 ms, found 2 plugins.
Preloading 0 native plugins for Editor in 0.00 ms.
Unloading 3323 Unused Serialized files (Serialized files now loaded: 0)
System memory in use before: 262.2 MB.
System memory in use after: 262.4 MB.

Unloading 21 unused Assets to reduce memory usage. Loaded Objects now: 3846.
Total: 5.052264 ms (FindLiveObjects: 0.376815 ms CreateObjectMapping: 0.195328 ms MarkObjects: 4.449740 ms  DeleteObjects: 0.028943 ms)

AssetImportParameters requested are different than current active one (requested -> active):
  custom:video-decoder-ogg-theora: a1e56fd34408186e4bbccfd4996cb3dc -> 
  custom:container-muxer-webm: aa71ff27fc2769a1b78a27578f13a17b -> 
  custom:container-demuxer-webm: 4f35f7cbe854078d1ac9338744f61a02 -> 
  custom:container-demuxer-ogg: 62fdf1f143b41e24485cea50d1cbac27 -> 
  custom:video-encoder-webm-vp8: eb34c28f22e8b96e1ab97ce403110664 -> 
  custom:framework-osx-AVFoundation: e770b220cccbd017edd2c1fefb359320 -> 
  custom:video-decoder-webm-vp8: 9c59270c3fd7afecdb556c50c9e8de78 -> 
  custom:graphics/normal-map-encoding: 01000000000000000000000000000000 -> 02000000000000000000000000000000
  custom:audio-decoder-ogg-vorbis: bf7c407c2cedff20999df2af8eb42d56 -> 
  custom:audio-encoder-webm-vorbis: bf7c407c2cedff20999df2af8eb42d56 -> 
========================================================================
Received Prepare
Registering precompiled user dll's ...
Registered in 0.005131 seconds.
Begin MonoManager ReloadAssembly
Symbol file LoadedFromMemory doesn't match image /Users/onukishuntasuku/Documents/GitHub/lab_project/onuki/App/Backup202201260309/Library/PackageCache/com.unity.visualscripting@1.6.1/Editor/VisualScripting.Core/Dependencies/YamlDotNet/Unity.VisualScripting.YamlDotNet.dll
Symbol file LoadedFromMemory doesn't match image /Users/onukishuntasuku/Documents/GitHub/lab_project/onuki/App/Backup202201260309/Library/PackageCache/com.unity.visualscripting@1.6.1/Editor/VisualScripting.Core/Dependencies/DotNetZip/Unity.VisualScripting.IonicZip.dll
Native extension for OSXStandalone target not found
Refreshing native plugins compatible for Editor in 0.81 ms, found 2 plugins.
Preloading 0 native plugins for Editor in 0.00 ms.
Mono: successfully reloaded assembly
- Completed reload, in  2.359 seconds
Domain Reload Profiling:
	ReloadAssembly (2360ms)
		BeginReloadAssembly (228ms)
			ExecutionOrderSort (0ms)
			DisableScriptedObjects (8ms)
			BackupInstance (0ms)
			ReleaseScriptingObjects (0ms)
			CreateAndSetChildDomain (131ms)
		EndReloadAssembly (2023ms)
			LoadAssemblies (139ms)
			RebuildTransferFunctionScriptingTraits (0ms)
			SetupTypeCache (1002ms)
			ReleaseScriptCaches (4ms)
			RebuildScriptCaches (162ms)
			SetupLoadedEditorAssemblies (487ms)
				LogAssemblyErrors (0ms)
				InitializePlatformSupportModulesInManaged (7ms)
				SetLoadedEditorAssemblies (1ms)
				RefreshPlugins (1ms)
				BeforeProcessingInitializeOnLoad (76ms)
				ProcessInitializeOnLoadAttributes (392ms)
				ProcessInitializeOnLoadMethodAttributes (7ms)
				AfterProcessingInitializeOnLoad (2ms)
				EditorAssembliesLoaded (0ms)
			ExecutionOrderSort2 (0ms)
			AwakeInstancesAfterBackupRestoration (12ms)
Platform modules already initialized, skipping
Switching build target platform(2) subTarget(0) extendedPlatform(0) -> platform(13) subTarget(524288) extendedPlatform(0)
Refreshing native plugins compatible for Editor in 0.74 ms, found 2 plugins.
Preloading 0 native plugins for Editor in 0.00 ms.
Unloading 3323 Unused Serialized files (Serialized files now loaded: 0)
System memory in use before: 262.4 MB.
System memory in use after: 262.6 MB.

Unloading 21 unused Assets to reduce memory usage. Loaded Objects now: 3849.
Total: 4.358394 ms (FindLiveObjects: 0.335019 ms CreateObjectMapping: 0.175492 ms MarkObjects: 3.824245 ms  DeleteObjects: 0.022413 ms)

AssetImportParameters requested are different than current active one (requested -> active):
  custom:video-decoder-ogg-theora: a1e56fd34408186e4bbccfd4996cb3dc -> 
  custom:container-muxer-webm: aa71ff27fc2769a1b78a27578f13a17b -> 
  custom:container-demuxer-webm: 4f35f7cbe854078d1ac9338744f61a02 -> 
  custom:container-demuxer-ogg: 62fdf1f143b41e24485cea50d1cbac27 -> 
  custom:video-encoder-webm-vp8: eb34c28f22e8b96e1ab97ce403110664 -> 
  custom:framework-osx-AVFoundation: e770b220cccbd017edd2c1fefb359320 -> 
  custom:video-decoder-webm-vp8: 9c59270c3fd7afecdb556c50c9e8de78 -> 
  custom:graphics/normal-map-encoding: 01000000000000000000000000000000 -> 02000000000000000000000000000000
  custom:audio-decoder-ogg-vorbis: bf7c407c2cedff20999df2af8eb42d56 -> 
  custom:audio-encoder-webm-vorbis: bf7c407c2cedff20999df2af8eb42d56 -> 
========================================================================
Received Prepare
Registering precompiled user dll's ...
Registered in 0.003992 seconds.
Begin MonoManager ReloadAssembly
Symbol file LoadedFromMemory doesn't match image /Users/onukishuntasuku/Documents/GitHub/lab_project/onuki/App/Backup202201260309/Library/PackageCache/com.unity.visualscripting@1.6.1/Editor/VisualScripting.Core/Dependencies/YamlDotNet/Unity.VisualScripting.YamlDotNet.dll
Symbol file LoadedFromMemory doesn't match image /Users/onukishuntasuku/Documents/GitHub/lab_project/onuki/App/Backup202201260309/Library/PackageCache/com.unity.visualscripting@1.6.1/Editor/VisualScripting.Core/Dependencies/DotNetZip/Unity.VisualScripting.IonicZip.dll
Native extension for OSXStandalone target not found
Refreshing native plugins compatible for Editor in 1.38 ms, found 2 plugins.
Preloading 0 native plugins for Editor in 0.00 ms.
Mono: successfully reloaded assembly
- Completed reload, in  2.618 seconds
Domain Reload Profiling:
	ReloadAssembly (2618ms)
		BeginReloadAssembly (245ms)
			ExecutionOrderSort (0ms)
			DisableScriptedObjects (7ms)
			BackupInstance (0ms)
			ReleaseScriptingObjects (0ms)
			CreateAndSetChildDomain (140ms)
		EndReloadAssembly (2266ms)
			LoadAssemblies (158ms)
			RebuildTransferFunctionScriptingTraits (0ms)
			SetupTypeCache (972ms)
			ReleaseScriptCaches (6ms)
			RebuildScriptCaches (111ms)
			SetupLoadedEditorAssemblies (681ms)
				LogAssemblyErrors (0ms)
				InitializePlatformSupportModulesInManaged (15ms)
				SetLoadedEditorAssemblies (1ms)
				RefreshPlugins (1ms)
				BeforeProcessingInitializeOnLoad (113ms)
				ProcessInitializeOnLoadAttributes (537ms)
				ProcessInitializeOnLoadMethodAttributes (10ms)
				AfterProcessingInitializeOnLoad (3ms)
				EditorAssembliesLoaded (1ms)
			ExecutionOrderSort2 (0ms)
			AwakeInstancesAfterBackupRestoration (15ms)
Platform modules already initialized, skipping
Switching build target platform(2) subTarget(0) extendedPlatform(0) -> platform(13) subTarget(524288) extendedPlatform(0)
Refreshing native plugins compatible for Editor in 1.44 ms, found 2 plugins.
Preloading 0 native plugins for Editor in 0.00 ms.
Unloading 3323 Unused Serialized files (Serialized files now loaded: 0)
System memory in use before: 262.6 MB.
System memory in use after: 262.8 MB.

Unloading 21 unused Assets to reduce memory usage. Loaded Objects now: 3852.
Total: 9.780992 ms (FindLiveObjects: 0.471798 ms CreateObjectMapping: 0.520814 ms MarkObjects: 8.714450 ms  DeleteObjects: 0.071721 ms)

AssetImportParameters requested are different than current active one (requested -> active):
  custom:video-decoder-ogg-theora: a1e56fd34408186e4bbccfd4996cb3dc -> 
  custom:container-muxer-webm: aa71ff27fc2769a1b78a27578f13a17b -> 
  custom:container-demuxer-webm: 4f35f7cbe854078d1ac9338744f61a02 -> 
  custom:container-demuxer-ogg: 62fdf1f143b41e24485cea50d1cbac27 -> 
  custom:video-encoder-webm-vp8: eb34c28f22e8b96e1ab97ce403110664 -> 
  custom:framework-osx-AVFoundation: e770b220cccbd017edd2c1fefb359320 -> 
  custom:video-decoder-webm-vp8: 9c59270c3fd7afecdb556c50c9e8de78 -> 
  custom:graphics/normal-map-encoding: 01000000000000000000000000000000 -> 02000000000000000000000000000000
  custom:audio-decoder-ogg-vorbis: bf7c407c2cedff20999df2af8eb42d56 -> 
  custom:audio-encoder-webm-vorbis: bf7c407c2cedff20999df2af8eb42d56 -> 
AssetImportWorkerClient::OnTransportError - code=2 error=End of file
