Unity Editor version:    2021.1.22f1 (a137e5fb0427)
Branch:                  2021.1/staging
Build type:              Release
Batch mode:              YES
macOS version:           Version 11.6 (Build 20G165)
Darwin version:          20.6.0
Architecture:            x86_64
Running under Rosetta:   NO
Available memory:        8192 MB
Using pre-set license
Pro License: NO
Pro License: NO

COMMAND LINE ARGUMENTS:
/Users/onukishuntasuku/Desktop/unity/2021.1.22f1/Unity.app/Contents/MacOS/Unity
-adb2
-batchMode
-noUpm
-name
AssetImportWorker0
-projectPath
/Users/onukishuntasuku/Documents/GitHub/lab_project/onuki/App/Backup202201260309
-logFile
Logs/AssetImportWorker0.log
-srvPort
63383
Successfully changed project path to: /Users/onukishuntasuku/Documents/GitHub/lab_project/onuki/App/Backup202201260309
/Users/onukishuntasuku/Documents/GitHub/lab_project/onuki/App/Backup202201260309
Using Asset Import Pipeline V2.
Refreshing native plugins compatible for Editor in 145.13 ms, found 2 plugins.
Preloading 0 native plugins for Editor in 0.00 ms.
Initialize engine version: 2021.1.22f1 (a137e5fb0427)
[Subsystems] Discovering subsystems at path /Users/onukishuntasuku/Desktop/unity/2021.1.22f1/Unity.app/Contents/Resources/UnitySubsystems
[Subsystems] Discovering subsystems at path /Users/onukishuntasuku/Documents/GitHub/lab_project/onuki/App/Backup202201260309/Assets
GfxDevice: creating device client; threaded=0; jobified=0
2022-02-03 22:08:07.148 Unity[43912:2776813] Color LCD preferred device: Intel(R) Iris(TM) Graphics 6000 (low power)
2022-02-03 22:08:07.148 Unity[43912:2776813] Metal devices available: 1
2022-02-03 22:08:07.148 Unity[43912:2776813] 0: Intel(R) Iris(TM) Graphics 6000 (low power)
2022-02-03 22:08:07.149 Unity[43912:2776813] Using device Intel(R) Iris(TM) Graphics 6000 (low power)
Initializing Metal device caps: Intel(R) Iris(TM) Graphics 6000
Initialize mono
Mono path[0] = '/Users/onukishuntasuku/Desktop/unity/2021.1.22f1/Unity.app/Contents/Managed'
Mono path[1] = '/Users/onukishuntasuku/Desktop/unity/2021.1.22f1/Unity.app/Contents/MonoBleedingEdge/lib/mono/unityjit'
Mono config path = '/Users/onukishuntasuku/Desktop/unity/2021.1.22f1/Unity.app/Contents/MonoBleedingEdge/etc'
Using monoOptions --debugger-agent=transport=dt_socket,embedding=1,server=y,suspend=n,address=127.0.0.1:56912
Begin MonoManager ReloadAssembly
Registering precompiled unity dll's ...
Register platform support module: /Users/onukishuntasuku/Desktop/unity/2021.1.22f1/Unity.app/Contents/PlaybackEngines/MacStandaloneSupport/UnityEditor.OSXStandalone.Extensions.dll
Registered in 0.004786 seconds.
Native extension for OSXStandalone target not found
Refreshing native plugins compatible for Editor in 181.59 ms, found 2 plugins.
Preloading 0 native plugins for Editor in 0.00 ms.
Mono: successfully reloaded assembly
- Completed reload, in 18.202 seconds
Domain Reload Profiling:
	ReloadAssembly (18202ms)
		BeginReloadAssembly (182ms)
			ExecutionOrderSort (0ms)
			DisableScriptedObjects (0ms)
			BackupInstance (0ms)
			ReleaseScriptingObjects (0ms)
			CreateAndSetChildDomain (1ms)
		EndReloadAssembly (951ms)
			LoadAssemblies (186ms)
			RebuildTransferFunctionScriptingTraits (0ms)
			SetupTypeCache (326ms)
			ReleaseScriptCaches (0ms)
			RebuildScriptCaches (69ms)
			SetupLoadedEditorAssemblies (472ms)
				LogAssemblyErrors (0ms)
				InitializePlatformSupportModulesInManaged (9ms)
				SetLoadedEditorAssemblies (0ms)
				RefreshPlugins (182ms)
				BeforeProcessingInitializeOnLoad (4ms)
				ProcessInitializeOnLoadAttributes (226ms)
				ProcessInitializeOnLoadMethodAttributes (51ms)
				AfterProcessingInitializeOnLoad (0ms)
				EditorAssembliesLoaded (0ms)
			ExecutionOrderSort2 (0ms)
			AwakeInstancesAfterBackupRestoration (0ms)
Platform modules already initialized, skipping
Registering precompiled user dll's ...
Registered in 0.034523 seconds.
Begin MonoManager ReloadAssembly
Symbol file LoadedFromMemory doesn't match image /Users/onukishuntasuku/Documents/GitHub/lab_project/onuki/App/Backup202201260309/Library/PackageCache/com.unity.visualscripting@1.6.1/Editor/VisualScripting.Core/Dependencies/YamlDotNet/Unity.VisualScripting.YamlDotNet.dll
Symbol file LoadedFromMemory doesn't match image /Users/onukishuntasuku/Documents/GitHub/lab_project/onuki/App/Backup202201260309/Library/PackageCache/com.unity.visualscripting@1.6.1/Editor/VisualScripting.Core/Dependencies/DotNetZip/Unity.VisualScripting.IonicZip.dll
Native extension for OSXStandalone target not found
Refreshing native plugins compatible for Editor in 1.00 ms, found 2 plugins.
Preloading 0 native plugins for Editor in 0.00 ms.
