Using pre-set license

 COMMAND LINE ARGUMENTS:
/Applications/Unity/Hub/Editor/2020.3.13f1/Unity.app/Contents/MacOS/Unity
-adb2
-batchMode
-noUpm
-name
AssetImportWorker0
-projectPath
/Users/onuki/Documents/GitHub/lab_project/onuki/location_demo/Wi-FiDemo
-logFile
Logs/AssetImportWorker0.log
-srvPort
63804
Successfully changed project path to: /Users/onuki/Documents/GitHub/lab_project/onuki/location_demo/Wi-FiDemo
/Users/onuki/Documents/GitHub/lab_project/onuki/location_demo/Wi-FiDemo
Using Asset Import Pipeline V2.
Refreshing native plugins compatible for Editor in 63.59 ms, found 2 plugins.
Preloading 0 native plugins for Editor in 0.00 ms.
Initialize engine version: 2020.3.13f1 (71691879b7f5)
[Subsystems] Discovering subsystems at path /Applications/Unity/Hub/Editor/2020.3.13f1/Unity.app/Contents/Resources/UnitySubsystems
[Subsystems] Discovering subsystems at path /Users/onuki/Documents/GitHub/lab_project/onuki/location_demo/Wi-FiDemo/Assets
GfxDevice: creating device client; threaded=0
2021-07-21 10:23:37.346 Unity[26970:4792928] Color LCD preferred device: Intel(R) Iris(TM) Graphics 6000 (low power)
2021-07-21 10:23:37.346 Unity[26970:4792928] Metal devices available: 1
2021-07-21 10:23:37.346 Unity[26970:4792928] 0: Intel(R) Iris(TM) Graphics 6000 (low power)
2021-07-21 10:23:37.347 Unity[26970:4792928] Using device Intel(R) Iris(TM) Graphics 6000 (low power)
Initializing Metal device caps: Intel(R) Iris(TM) Graphics 6000
Initialize mono
Mono path[0] = '/Applications/Unity/Hub/Editor/2020.3.13f1/Unity.app/Contents/Managed'
Mono path[1] = '/Applications/Unity/Hub/Editor/2020.3.13f1/Unity.app/Contents/MonoBleedingEdge/lib/mono/unityjit'
Mono config path = '/Applications/Unity/Hub/Editor/2020.3.13f1/Unity.app/Contents/MonoBleedingEdge/etc'
Using monoOptions --debugger-agent=transport=dt_socket,embedding=1,server=y,suspend=n,address=127.0.0.1:56970
Begin MonoManager ReloadAssembly
Registering precompiled unity dll's ...
Register platform support module: /Applications/Unity/Hub/Editor/2020.3.13f1/Unity.app/Contents/PlaybackEngines/MacStandaloneSupport/UnityEditor.OSXStandalone.Extensions.dll
Registered in 0.004326 seconds.
Native extension for OSXStandalone target not found
Refreshing native plugins compatible for Editor in 35.74 ms, found 2 plugins.
Preloading 0 native plugins for Editor in 0.00 ms.
Mono: successfully reloaded assembly
- Completed reload, in  5.760 seconds
Platform modules already initialized, skipping
Registering precompiled user dll's ...
Registered in 0.015937 seconds.
Begin MonoManager ReloadAssembly
Native extension for OSXStandalone target not found
Refreshing native plugins compatible for Editor in 0.36 ms, found 2 plugins.
Preloading 0 native plugins for Editor in 0.00 ms.
Mono: successfully reloaded assembly
- Completed reload, in  1.845 seconds
Platform modules already initialized, skipping
========================================================================
Worker process is ready to serve import requests
Launching external process: /Applications/Unity/Hub/Editor/2020.3.13f1/Unity.app/Contents/Tools/UnityShaderCompiler
Launched and connected shader compiler UnityShaderCompiler after 0.03 seconds
Refreshing native plugins compatible for Editor in 0.65 ms, found 2 plugins.
Preloading 0 native plugins for Editor in 0.00 ms.
Unloading 1390 Unused Serialized files (Serialized files now loaded: 0)
System memory in use before: 137.5 MB.
System memory in use after: 137.5 MB.

Unloading 19 unused Assets to reduce memory usage. Loaded Objects now: 1823.
Total: 2.314260 ms (FindLiveObjects: 0.189346 ms CreateObjectMapping: 0.048654 ms MarkObjects: 1.967899 ms  DeleteObjects: 0.106949 ms)

AssetImportParameters requested are different than current active one (requested -> active):
  custom:video-decoder-ogg-theora: a1e56fd34408186e4bbccfd4996cb3dc -> 
  custom:container-muxer-webm: aa71ff27fc2769a1b78a27578f13a17b -> 
  custom:container-demuxer-webm: 4f35f7cbe854078d1ac9338744f61a02 -> 
  custom:container-demuxer-ogg: 62fdf1f143b41e24485cea50d1cbac27 -> 
  custom:video-encoder-webm-vp8: eb34c28f22e8b96e1ab97ce403110664 -> 
  custom:framework-osx-AVFoundation: e770b220cccbd017edd2c1fefb359320 -> 
  custom:video-decoder-webm-vp8: 9c59270c3fd7afecdb556c50c9e8de78 -> 
  custom:audio-decoder-ogg-vorbis: bf7c407c2cedff20999df2af8eb42d56 -> 
  custom:audio-encoder-webm-vorbis: bf7c407c2cedff20999df2af8eb42d56 -> 
========================================================================
Received Import Request.
  path: Assets/Scenes
  artifactKey: Guid(b69bf7daf0ced48c2946a92f4c82ada4) Importer(815301076,1909f56bfc062723c751e8b465ee728b)
Start importing Assets/Scenes using Guid(b69bf7daf0ced48c2946a92f4c82ada4) Importer(815301076,1909f56bfc062723c751e8b465ee728b)  -> (artifact id: '14c50d8494dea29eabfaa61ca81aca84') in 0.007525 seconds 
  Import took 0.014526 seconds .

========================================================================
Received Import Request.
  Time since last request: 2.097220 seconds.
  path: Assets/Scenes/Main.unity
  artifactKey: Guid(755e9d92a18bb4697bcf0426aaab6141) Importer(815301076,1909f56bfc062723c751e8b465ee728b)
Start importing Assets/Scenes/Main.unity using Guid(755e9d92a18bb4697bcf0426aaab6141) Importer(815301076,1909f56bfc062723c751e8b465ee728b)  -> (artifact id: 'ba54dda39c4f4d01e6a042e7aa00cc4e') in 0.026940 seconds 
  Import took 0.032701 seconds .

========================================================================
Received Import Request.
  Time since last request: 4.440016 seconds.
  path: Assets/Scenes/SampleScene.unity
  artifactKey: Guid(9fc0d4010bbf28b4594072e72b8655ab) Importer(815301076,1909f56bfc062723c751e8b465ee728b)
Start importing Assets/Scenes/SampleScene.unity using Guid(9fc0d4010bbf28b4594072e72b8655ab) Importer(815301076,1909f56bfc062723c751e8b465ee728b)  -> (artifact id: '85059f4f9e1a832ed95adaa0d25c5c4c') in 0.002749 seconds 
  Import took 0.006664 seconds .

========================================================================
Received Import Request.
  Time since last request: 12.360026 seconds.
  path: Assets
  artifactKey: Guid(00000000000000001000000000000000) Importer(815301076,1909f56bfc062723c751e8b465ee728b)
Start importing Assets using Guid(00000000000000001000000000000000) Importer(815301076,1909f56bfc062723c751e8b465ee728b)  -> (artifact id: '42d402b061de3733987d63b9cc3b64de') in 0.002682 seconds 
  Import took 0.007599 seconds .

========================================================================
Received Import Request.
  Time since last request: 39.671716 seconds.
  path: Assets/map.fbx
  artifactKey: Guid(cc896bf5c61ea47f9abf3e2af4b9714c) Importer(815301076,1909f56bfc062723c751e8b465ee728b)
Start importing Assets/map.fbx using Guid(cc896bf5c61ea47f9abf3e2af4b9714c) Importer(815301076,1909f56bfc062723c751e8b465ee728b)  -> (artifact id: 'c33feb3bd11ba3f8313afc12601e062a') in 2.469290 seconds 
  Import took 2.473487 seconds .

========================================================================
Received Import Request.
  Time since last request: 67.729039 seconds.
  path: Assets/map.skp
  artifactKey: Guid(05bfee7922fce4fc29ba17871ff96ad5) Importer(815301076,1909f56bfc062723c751e8b465ee728b)
Start importing Assets/map.skp using Guid(05bfee7922fce4fc29ba17871ff96ad5) Importer(815301076,1909f56bfc062723c751e8b465ee728b)  -> (artifact id: '024a744f5de4dee9a69ec7d35c84ab65') in 0.575554 seconds 
  Import took 0.580649 seconds .

========================================================================
Received Import Request.
  Time since last request: 955.903285 seconds.
  path: Assets/map.fbx
  artifactKey: Guid(cc896bf5c61ea47f9abf3e2af4b9714c) Importer(815301076,1909f56bfc062723c751e8b465ee728b)
Start importing Assets/map.fbx using Guid(cc896bf5c61ea47f9abf3e2af4b9714c) Importer(815301076,1909f56bfc062723c751e8b465ee728b)  -> (artifact id: 'c44c180597a822652b38f94af1c9fb52') in 0.078488 seconds 
  Import took 0.085575 seconds .

========================================================================
Received Import Request.
  Time since last request: 11675.943375 seconds.
  path: Assets/map.fbx
  artifactKey: Guid(cc896bf5c61ea47f9abf3e2af4b9714c) Importer(815301076,1909f56bfc062723c751e8b465ee728b)
Start importing Assets/map.fbx using Guid(cc896bf5c61ea47f9abf3e2af4b9714c) Importer(815301076,1909f56bfc062723c751e8b465ee728b)  -> (artifact id: '325df55aad69d634322be7d7f0bc46fa') in 0.150993 seconds 
  Import took 0.181354 seconds .

========================================================================
Received Import Request.
  Time since last request: 52.961455 seconds.
  path: Assets/map.fbx
  artifactKey: Guid(cc896bf5c61ea47f9abf3e2af4b9714c) Importer(815301076,1909f56bfc062723c751e8b465ee728b)
Start importing Assets/map.fbx using Guid(cc896bf5c61ea47f9abf3e2af4b9714c) Importer(815301076,1909f56bfc062723c751e8b465ee728b)  -> (artifact id: 'd2eb09f898d10d052c747e97a3251ee0') in 0.087389 seconds 
  Import took 0.092586 seconds .

