Using pre-set license

 COMMAND LINE ARGUMENTS:
/Applications/Unity/Hub/Editor/2020.3.13f1/Unity.app/Contents/MacOS/Unity
-adb2
-batchMode
-noUpm
-name
AssetImportWorker0
-projectPath
/Users/onuki/Documents/GitHub/lab_project/onuki/Simulation
-logFile
Logs/AssetImportWorker0.log
-srvPort
58674
Successfully changed project path to: /Users/onuki/Documents/GitHub/lab_project/onuki/Simulation
/Users/onuki/Documents/GitHub/lab_project/onuki/Simulation
Using Asset Import Pipeline V2.
Refreshing native plugins compatible for Editor in 52.16 ms, found 2 plugins.
Preloading 0 native plugins for Editor in 0.00 ms.
Initialize engine version: 2020.3.13f1 (71691879b7f5)
[Subsystems] Discovering subsystems at path /Applications/Unity/Hub/Editor/2020.3.13f1/Unity.app/Contents/Resources/UnitySubsystems
[Subsystems] Discovering subsystems at path /Users/onuki/Documents/GitHub/lab_project/onuki/Simulation/Assets
GfxDevice: creating device client; threaded=0
2021-07-20 06:06:25.857 Unity[14001:4389828] Color LCD preferred device: Intel(R) Iris(TM) Graphics 6000 (low power)
2021-07-20 06:06:25.857 Unity[14001:4389828] Metal devices available: 1
2021-07-20 06:06:25.858 Unity[14001:4389828] 0: Intel(R) Iris(TM) Graphics 6000 (low power)
2021-07-20 06:06:25.858 Unity[14001:4389828] Using device Intel(R) Iris(TM) Graphics 6000 (low power)
Initializing Metal device caps: Intel(R) Iris(TM) Graphics 6000
Initialize mono
Mono path[0] = '/Applications/Unity/Hub/Editor/2020.3.13f1/Unity.app/Contents/Managed'
Mono path[1] = '/Applications/Unity/Hub/Editor/2020.3.13f1/Unity.app/Contents/MonoBleedingEdge/lib/mono/unityjit'
Mono config path = '/Applications/Unity/Hub/Editor/2020.3.13f1/Unity.app/Contents/MonoBleedingEdge/etc'
Using monoOptions --debugger-agent=transport=dt_socket,embedding=1,server=y,suspend=n,address=127.0.0.1:56001
Begin MonoManager ReloadAssembly
Registering precompiled unity dll's ...
Register platform support module: /Applications/Unity/Hub/Editor/2020.3.13f1/Unity.app/Contents/PlaybackEngines/MacStandaloneSupport/UnityEditor.OSXStandalone.Extensions.dll
Registered in 0.000747 seconds.
Native extension for OSXStandalone target not found
Refreshing native plugins compatible for Editor in 37.88 ms, found 2 plugins.
Preloading 0 native plugins for Editor in 0.00 ms.
Mono: successfully reloaded assembly
- Completed reload, in  5.163 seconds
Platform modules already initialized, skipping
Registering precompiled user dll's ...
Registered in 0.005251 seconds.
Begin MonoManager ReloadAssembly
Native extension for OSXStandalone target not found
Refreshing native plugins compatible for Editor in 0.35 ms, found 2 plugins.
Preloading 0 native plugins for Editor in 0.00 ms.
Mono: successfully reloaded assembly
- Completed reload, in  1.866 seconds
Platform modules already initialized, skipping
========================================================================
Worker process is ready to serve import requests
Launching external process: /Applications/Unity/Hub/Editor/2020.3.13f1/Unity.app/Contents/Tools/UnityShaderCompiler
Launched and connected shader compiler UnityShaderCompiler after 0.03 seconds
Refreshing native plugins compatible for Editor in 0.37 ms, found 2 plugins.
Preloading 0 native plugins for Editor in 0.00 ms.
Unloading 1390 Unused Serialized files (Serialized files now loaded: 0)
System memory in use before: 137.7 MB.
System memory in use after: 137.8 MB.

Unloading 19 unused Assets to reduce memory usage. Loaded Objects now: 1823.
Total: 3.701832 ms (FindLiveObjects: 0.184212 ms CreateObjectMapping: 0.052396 ms MarkObjects: 3.340034 ms  DeleteObjects: 0.123047 ms)

AssetImportParameters requested are different than current active one (requested -> active):
  custom:video-decoder-ogg-theora: a1e56fd34408186e4bbccfd4996cb3dc -> 
  custom:container-muxer-webm: aa71ff27fc2769a1b78a27578f13a17b -> 
  custom:container-demuxer-webm: 4f35f7cbe854078d1ac9338744f61a02 -> 
  custom:container-demuxer-ogg: 62fdf1f143b41e24485cea50d1cbac27 -> 
  custom:video-encoder-webm-vp8: eb34c28f22e8b96e1ab97ce403110664 -> 
  custom:framework-osx-AVFoundation: e770b220cccbd017edd2c1fefb359320 -> 
  custom:video-decoder-webm-vp8: 9c59270c3fd7afecdb556c50c9e8de78 -> 
  custom:audio-decoder-ogg-vorbis: bf7c407c2cedff20999df2af8eb42d56 -> 
  custom:audio-encoder-webm-vorbis: bf7c407c2cedff20999df2af8eb42d56 -> 
========================================================================
Received Import Request.
  path: Assets/lab 1.fbx
  artifactKey: Guid(fce4a0c0980364b02811902fe5ea05b4) Importer(815301076,1909f56bfc062723c751e8b465ee728b)
Start importing Assets/lab 1.fbx using Guid(fce4a0c0980364b02811902fe5ea05b4) Importer(815301076,1909f56bfc062723c751e8b465ee728b)  -> (artifact id: 'a378a8a5928bd759bde1463071688641') in 2.277867 seconds 
  Import took 2.284547 seconds .

========================================================================
Received Import Request.
  Time since last request: 319.688358 seconds.
  path: Assets/lab.fbx
  artifactKey: Guid(9f848fe23622c4152881e9f3a1867535) Importer(815301076,1909f56bfc062723c751e8b465ee728b)
Start importing Assets/lab.fbx using Guid(9f848fe23622c4152881e9f3a1867535) Importer(815301076,1909f56bfc062723c751e8b465ee728b)  -> (artifact id: '97e817f2df133221c2afd19e618cf8ce') in 0.165225 seconds 
  Import took 0.171231 seconds .

========================================================================
Received Import Request.
  Time since last request: 56781.977790 seconds.
  path: Assets/lab1pre.fbx
  artifactKey: Guid(bddd7f1d8b6a4452a84a4456f853cd50) Importer(815301076,1909f56bfc062723c751e8b465ee728b)
Start importing Assets/lab1pre.fbx using Guid(bddd7f1d8b6a4452a84a4456f853cd50) Importer(815301076,1909f56bfc062723c751e8b465ee728b)  -> (artifact id: '7ac5fd86cecbb4c1e459b30850588624') in 0.230866 seconds 
  Import took 0.240147 seconds .

========================================================================
Received Import Request.
  Time since last request: 1248.540038 seconds.
  path: Assets/lab1pre.fbx
  artifactKey: Guid(bddd7f1d8b6a4452a84a4456f853cd50) Importer(815301076,1909f56bfc062723c751e8b465ee728b)
Start importing Assets/lab1pre.fbx using Guid(bddd7f1d8b6a4452a84a4456f853cd50) Importer(815301076,1909f56bfc062723c751e8b465ee728b)  -> (artifact id: '6cb74e87547fbea704bcfa8dc82835b4') in 0.421987 seconds 
  Import took 0.427448 seconds .

========================================================================
Received Import Request.
  Time since last request: 16.635192 seconds.
  path: Assets/lab1pre.fbx
  artifactKey: Guid(bddd7f1d8b6a4452a84a4456f853cd50) Importer(815301076,1909f56bfc062723c751e8b465ee728b)
Start importing Assets/lab1pre.fbx using Guid(bddd7f1d8b6a4452a84a4456f853cd50) Importer(815301076,1909f56bfc062723c751e8b465ee728b)  -> (artifact id: '950fd249fcf3537acd0104f9c7e86c80') in 0.125523 seconds 
  Import took 0.129269 seconds .

========================================================================
Received Import Request.
  Time since last request: 11.240847 seconds.
  path: Assets/lab.fbx
  artifactKey: Guid(9f848fe23622c4152881e9f3a1867535) Importer(815301076,1909f56bfc062723c751e8b465ee728b)
Start importing Assets/lab.fbx using Guid(9f848fe23622c4152881e9f3a1867535) Importer(815301076,1909f56bfc062723c751e8b465ee728b)  -> (artifact id: 'ab99776d794c00c9ce319156a95df878') in 0.114902 seconds 
  Import took 0.120449 seconds .

========================================================================
Received Import Request.
  Time since last request: 25.310311 seconds.
  path: Assets/lab1pre.fbx
  artifactKey: Guid(bddd7f1d8b6a4452a84a4456f853cd50) Importer(815301076,1909f56bfc062723c751e8b465ee728b)
Start importing Assets/lab1pre.fbx using Guid(bddd7f1d8b6a4452a84a4456f853cd50) Importer(815301076,1909f56bfc062723c751e8b465ee728b)  -> (artifact id: '9209219634ab2074a58b7e7dca36faf6') in 0.108703 seconds 
  Import took 0.112872 seconds .

========================================================================
Received Import Request.
  Time since last request: 1413.727750 seconds.
  path: Assets/Scenes
  artifactKey: Guid(fb10bfdfe8b734d3ab220ceb0b00d1fa) Importer(815301076,1909f56bfc062723c751e8b465ee728b)
Start importing Assets/Scenes using Guid(fb10bfdfe8b734d3ab220ceb0b00d1fa) Importer(815301076,1909f56bfc062723c751e8b465ee728b)  -> (artifact id: '5299cc048c696af36e9b2c1a2ba1176d') in 0.002785 seconds 
  Import took 0.016225 seconds .

========================================================================
Received Import Request.
  Time since last request: 485.351567 seconds.
  path: Assets
  artifactKey: Guid(00000000000000001000000000000000) Importer(815301076,1909f56bfc062723c751e8b465ee728b)
Start importing Assets using Guid(00000000000000001000000000000000) Importer(815301076,1909f56bfc062723c751e8b465ee728b)  -> (artifact id: '42d402b061de3733987d63b9cc3b64de') in 0.002458 seconds 
  Import took 0.009286 seconds .

========================================================================
Received Import Request.
  Time since last request: 47.011883 seconds.
  path: Assets/1000x1000Cube.fbx
  artifactKey: Guid(269c331b9d36c4044813cf765839f14a) Importer(815301076,1909f56bfc062723c751e8b465ee728b)
Start importing Assets/1000x1000Cube.fbx using Guid(269c331b9d36c4044813cf765839f14a) Importer(815301076,1909f56bfc062723c751e8b465ee728b)  -> (artifact id: '2fc5b19fed99d24901e3bed899b34cbe') in 0.038661 seconds 
  Import took 0.042377 seconds .

========================================================================
Received Import Request.
  Time since last request: 4621.966296 seconds.
  path: Assets/lab1pre.fbx
  artifactKey: Guid(bddd7f1d8b6a4452a84a4456f853cd50) Importer(815301076,1909f56bfc062723c751e8b465ee728b)
Start importing Assets/lab1pre.fbx using Guid(bddd7f1d8b6a4452a84a4456f853cd50) Importer(815301076,1909f56bfc062723c751e8b465ee728b)  -> (artifact id: '70c5debadfd5b8eb37388997eb54430a') in 0.236744 seconds 
  Import took 0.247479 seconds .

