Using pre-set license

 COMMAND LINE ARGUMENTS:
/Applications/Unity/Hub/Editor/2020.3.13f1/Unity.app/Contents/MacOS/Unity
-adb2
-batchMode
-noUpm
-name
AssetImportWorker0
-projectPath
/Users/onuki/Documents/GitHub/lab_project/onuki/location_demo/minio
-logFile
Logs/AssetImportWorker0.log
-srvPort
62491
Successfully changed project path to: /Users/onuki/Documents/GitHub/lab_project/onuki/location_demo/minio
/Users/onuki/Documents/GitHub/lab_project/onuki/location_demo/minio
Using Asset Import Pipeline V2.
Refreshing native plugins compatible for Editor in 58.26 ms, found 2 plugins.
Preloading 0 native plugins for Editor in 0.00 ms.
Initialize engine version: 2020.3.13f1 (71691879b7f5)
[Subsystems] Discovering subsystems at path /Applications/Unity/Hub/Editor/2020.3.13f1/Unity.app/Contents/Resources/UnitySubsystems
[Subsystems] Discovering subsystems at path /Users/onuki/Documents/GitHub/lab_project/onuki/location_demo/minio/Assets
GfxDevice: creating device client; threaded=0
2021-07-28 09:22:12.633 Unity[52579:5542953] Color LCD preferred device: Intel(R) Iris(TM) Graphics 6000 (low power)
2021-07-28 09:22:12.633 Unity[52579:5542953] Metal devices available: 1
2021-07-28 09:22:12.634 Unity[52579:5542953] 0: Intel(R) Iris(TM) Graphics 6000 (low power)
2021-07-28 09:22:12.636 Unity[52579:5542953] Using device Intel(R) Iris(TM) Graphics 6000 (low power)
Initializing Metal device caps: Intel(R) Iris(TM) Graphics 6000
Initialize mono
Mono path[0] = '/Applications/Unity/Hub/Editor/2020.3.13f1/Unity.app/Contents/Managed'
Mono path[1] = '/Applications/Unity/Hub/Editor/2020.3.13f1/Unity.app/Contents/MonoBleedingEdge/lib/mono/unityjit'
Mono config path = '/Applications/Unity/Hub/Editor/2020.3.13f1/Unity.app/Contents/MonoBleedingEdge/etc'
Using monoOptions --debugger-agent=transport=dt_socket,embedding=1,server=y,suspend=n,address=127.0.0.1:56579
Begin MonoManager ReloadAssembly
Registering precompiled unity dll's ...
Register platform support module: /Applications/Unity/Hub/Editor/2020.3.13f1/Unity.app/Contents/PlaybackEngines/MacStandaloneSupport/UnityEditor.OSXStandalone.Extensions.dll
Registered in 0.004085 seconds.
Native extension for OSXStandalone target not found
Refreshing native plugins compatible for Editor in 40.88 ms, found 2 plugins.
Preloading 0 native plugins for Editor in 0.00 ms.
Mono: successfully reloaded assembly
- Completed reload, in  6.776 seconds
Platform modules already initialized, skipping
Registering precompiled user dll's ...
Registered in 0.006571 seconds.
Begin MonoManager ReloadAssembly
Native extension for OSXStandalone target not found
Refreshing native plugins compatible for Editor in 0.62 ms, found 2 plugins.
Preloading 0 native plugins for Editor in 0.00 ms.
Mono: successfully reloaded assembly
- Completed reload, in  2.482 seconds
Platform modules already initialized, skipping
========================================================================
Worker process is ready to serve import requests
Launching external process: /Applications/Unity/Hub/Editor/2020.3.13f1/Unity.app/Contents/Tools/UnityShaderCompiler
Launched and connected shader compiler UnityShaderCompiler after 0.03 seconds
Refreshing native plugins compatible for Editor in 0.34 ms, found 2 plugins.
Preloading 0 native plugins for Editor in 0.00 ms.
Unloading 1390 Unused Serialized files (Serialized files now loaded: 0)
System memory in use before: 137.5 MB.
System memory in use after: 137.5 MB.

Unloading 19 unused Assets to reduce memory usage. Loaded Objects now: 1823.
Total: 3.141561 ms (FindLiveObjects: 0.198321 ms CreateObjectMapping: 0.053078 ms MarkObjects: 2.736263 ms  DeleteObjects: 0.152491 ms)

AssetImportParameters requested are different than current active one (requested -> active):
  custom:video-decoder-ogg-theora: a1e56fd34408186e4bbccfd4996cb3dc -> 
  custom:container-muxer-webm: aa71ff27fc2769a1b78a27578f13a17b -> 
  custom:container-demuxer-webm: 4f35f7cbe854078d1ac9338744f61a02 -> 
  custom:container-demuxer-ogg: 62fdf1f143b41e24485cea50d1cbac27 -> 
  custom:video-encoder-webm-vp8: eb34c28f22e8b96e1ab97ce403110664 -> 
  custom:framework-osx-AVFoundation: e770b220cccbd017edd2c1fefb359320 -> 
  custom:video-decoder-webm-vp8: 9c59270c3fd7afecdb556c50c9e8de78 -> 
  custom:audio-decoder-ogg-vorbis: bf7c407c2cedff20999df2af8eb42d56 -> 
  custom:audio-encoder-webm-vorbis: bf7c407c2cedff20999df2af8eb42d56 -> 
========================================================================
Received Import Request.
  path: Assets
  artifactKey: Guid(00000000000000001000000000000000) Importer(815301076,1909f56bfc062723c751e8b465ee728b)
Start importing Assets using Guid(00000000000000001000000000000000) Importer(815301076,1909f56bfc062723c751e8b465ee728b)  -> (artifact id: '42d402b061de3733987d63b9cc3b64de') in 0.006737 seconds 
  Import took 0.012737 seconds .

========================================================================
Received Import Request.
  Time since last request: 7.371168 seconds.
  path: Assets/Map
  artifactKey: Guid(1314c40bb9dc04ca782a63d6564581fc) Importer(815301076,1909f56bfc062723c751e8b465ee728b)
Start importing Assets/Map using Guid(1314c40bb9dc04ca782a63d6564581fc) Importer(815301076,1909f56bfc062723c751e8b465ee728b)  -> (artifact id: 'e185c50dd7f28db36308a75b92cd28b2') in 0.003522 seconds 
  Import took 0.012902 seconds .

========================================================================
Received Import Request.
  Time since last request: 0.132179 seconds.
  path: Assets/Map/APs.prefab
  artifactKey: Guid(92b287d5bd78046c68ca37b53662fe8f) Importer(815301076,1909f56bfc062723c751e8b465ee728b)
Start importing Assets/Map/APs.prefab using Guid(92b287d5bd78046c68ca37b53662fe8f) Importer(815301076,1909f56bfc062723c751e8b465ee728b)  -> (artifact id: 'ce16c6537cfffa3380e3c793b65e8172') in 1.871378 seconds 
  Import took 1.878204 seconds .

========================================================================
Received Import Request.
  Time since last request: 0.000348 seconds.
  path: Assets/Map/map.fbx
  artifactKey: Guid(cc896bf5c61ea47f9abf3e2af4b9714c) Importer(815301076,1909f56bfc062723c751e8b465ee728b)
Start importing Assets/Map/map.fbx using Guid(cc896bf5c61ea47f9abf3e2af4b9714c) Importer(815301076,1909f56bfc062723c751e8b465ee728b)  -> (artifact id: 'dc62a70730f6cbbe1cd961f729b9d405') in 1.180255 seconds 
  Import took 1.185400 seconds .

========================================================================
Received Import Request.
  Time since last request: 413.230277 seconds.
  path: Assets/Map/map.fbx
  artifactKey: Guid(cc896bf5c61ea47f9abf3e2af4b9714c) Importer(815301076,1909f56bfc062723c751e8b465ee728b)
Start importing Assets/Map/map.fbx using Guid(cc896bf5c61ea47f9abf3e2af4b9714c) Importer(815301076,1909f56bfc062723c751e8b465ee728b)  -> (artifact id: '3886b32087381301280bdc92bd8ed41b') in 0.061705 seconds 
  Import took 0.072026 seconds .

